Time	Sim Time	ID	Voltage	Bat Temp[C]	HeatSink Temp[C]	Status	SOC	Current
09Nov21 14:06:58	 0.00hr	0009	28.725	022	023	0000	098	-1.548
09Nov21 14:06:58	 0.00hr	0008	28.671	023	024	0000	090	+0.527
09Nov21 14:07:01	 0.00hr	0009	28.761	022	023	0000	098	+0.060
09Nov21 14:07:01	 0.00hr	0008	28.725	023	024	0000	090	+3.630
09Nov21 14:07:04	 0.00hr	0009	28.761	022	023	0000	098	+0.417
09Nov21 14:07:04	 0.00hr	0008	28.743	023	024	0000	090	+4.274
09Nov21 14:07:07	 0.00hr	0009	28.779	022	023	0000	098	+0.417
09Nov21 14:07:07	 0.00hr	0008	28.743	023	024	0000	090	+4.333
09Nov21 14:07:09	 0.00hr	0009	28.779	022	023	0000	098	+0.357
09Nov21 14:07:09	 0.00hr	0008	28.743	023	024	0000	090	+4.215
09Nov21 14:07:12	 0.00hr	0009	28.761	022	023	0000	098	+0.357
09Nov21 14:07:12	 0.00hr	0008	28.725	023	024	0000	090	+4.215
09Nov21 14:07:15	 0.00hr	0009	28.761	022	023	0000	098	+0.357
09Nov21 14:07:15	 0.00hr	0008	28.743	023	024	0001	090	+4.333
09Nov21 14:07:18	 0.01hr	0009	28.761	022	023	0000	098	+0.298
09Nov21 14:07:18	 0.01hr	0008	28.725	023	024	0001	090	+4.274
09Nov21 14:07:20	 0.01hr	0009	28.779	022	023	0000	098	+0.298
09Nov21 14:07:20	 0.01hr	0008	28.743	023	024	0001	090	+4.274
09Nov21 14:07:23	 0.01hr	0009	28.779	022	023	0000	098	+0.357
09Nov21 14:07:23	 0.01hr	0008	28.743	023	024	0001	090	+4.274
09Nov21 14:07:26	 0.01hr	0009	28.761	022	023	0000	098	+0.357
09Nov21 14:07:26	 0.01hr	0008	28.725	023	024	0001	090	+4.274
09Nov21 14:07:29	 0.01hr	0009	28.779	022	023	0000	098	+0.357
09Nov21 14:07:29	 0.01hr	0008	28.743	023	024	0001	090	+4.274
09Nov21 14:07:31	 0.01hr	0009	28.779	022	023	0000	098	+0.298
09Nov21 14:07:31	 0.01hr	0008	28.725	023	024	0001	090	+4.215
09Nov21 14:07:34	 0.01hr	0009	28.779	022	023	0000	098	+0.357
09Nov21 14:07:34	 0.01hr	0008	28.743	023	024	0001	090	+4.215
09Nov21 14:07:37	 0.01hr	0009	28.779	022	023	0000	098	+0.357
09Nov21 14:07:37	 0.01hr	0008	28.743	023	024	0001	090	+4.215
09Nov21 14:07:40	 0.01hr	0009	28.779	022	023	0000	098	+0.298
09Nov21 14:07:40	 0.01hr	0008	28.743	023	024	0001	090	+4.274
09Nov21 14:07:42	 0.01hr	0009	28.779	022	023	0000	098	+0.357
09Nov21 14:07:42	 0.01hr	0008	28.743	023	024	0001	090	+4.215
09Nov21 14:07:45	 0.01hr	0009	28.779	022	023	0000	098	+0.357
09Nov21 14:07:45	 0.01hr	0008	28.743	023	024	0001	090	+4.215
09Nov21 14:07:48	 0.01hr	0009	28.779	022	023	0000	098	+0.357
09Nov21 14:07:48	 0.01hr	0008	28.743	023	024	0001	090	+4.215
09Nov21 14:07:51	 0.01hr	0009	28.779	022	023	0000	098	+0.357
09Nov21 14:07:51	 0.01hr	0008	28.743	023	024	0001	090	+4.215
09Nov21 14:07:53	 0.02hr	0009	28.779	022	023	0000	098	+0.357
09Nov21 14:07:53	 0.02hr	0008	28.743	023	024	0001	090	+4.215
09Nov21 14:07:56	 0.02hr	0009	28.779	022	023	0000	098	+0.357
09Nov21 14:07:56	 0.02hr	0008	28.743	023	024	0001	090	+4.215
09Nov21 14:07:59	 0.02hr	0009	28.779	022	023	0000	098	+0.357
09Nov21 14:07:59	 0.02hr	0008	28.743	023	024	0001	090	+4.215
09Nov21 14:08:02	 0.02hr	0009	28.779	022	023	0000	098	+0.357
09Nov21 14:08:02	 0.02hr	0008	28.743	023	024	0001	090	+4.215
09Nov21 14:08:04	 0.02hr	0009	28.779	022	023	0000	098	+0.357
09Nov21 14:08:04	 0.02hr	0008	28.743	023	024	0001	090	+4.215
09Nov21 14:08:07	 0.02hr	0009	28.761	022	023	0000	098	+0.357
09Nov21 14:08:07	 0.02hr	0008	28.743	023	024	0001	090	+4.215
09Nov21 14:08:10	 0.02hr	0009	28.779	022	023	0000	098	+0.357
09Nov21 14:08:10	 0.02hr	0008	28.743	023	024	0001	090	+4.215
09Nov21 14:08:13	 0.02hr	0009	28.779	022	023	0000	098	+0.357
09Nov21 14:08:13	 0.02hr	0008	28.743	023	024	0001	090	+4.215
09Nov21 14:08:15	 0.02hr	0009	28.779	022	023	0000	098	+0.357
09Nov21 14:08:15	 0.02hr	0008	28.743	023	024	0001	090	+4.215
09Nov21 14:08:18	 0.02hr	0009	28.779	022	023	0000	098	+0.357
09Nov21 14:08:18	 0.02hr	0008	28.743	023	024	0001	090	+4.215
09Nov21 14:08:21	 0.02hr	0009	28.779	022	023	0000	098	+0.357
09Nov21 14:08:21	 0.02hr	0008	28.743	023	024	0001	090	+4.215
09Nov21 14:08:23	 0.02hr	0009	28.779	022	023	0000	098	+0.357
09Nov21 14:08:23	 0.02hr	0008	28.743	023	024	0001	090	+4.215
09Nov21 14:08:26	 0.02hr	0009	28.779	022	023	0000	098	+0.417
09Nov21 14:08:26	 0.02hr	0008	28.743	023	024	0001	090	+4.157
09Nov21 14:08:29	 0.03hr	0009	28.779	022	023	0000	098	+0.357
09Nov21 14:08:29	 0.03hr	0008	28.743	023	024	0001	090	+4.157
09Nov21 14:08:32	 0.03hr	0009	28.779	022	023	0000	098	+0.357
09Nov21 14:08:32	 0.03hr	0008	28.743	023	024	0001	090	+4.215
09Nov21 14:08:35	 0.03hr	0009	28.779	022	023	0000	098	+0.357
09Nov21 14:08:35	 0.03hr	0008	28.743	023	024	0001	090	+4.215
09Nov21 14:08:37	 0.03hr	0009	28.779	022	023	0000	098	+0.357
09Nov21 14:08:37	 0.03hr	0008	28.743	023	024	0001	090	+4.157
09Nov21 14:08:40	 0.03hr	0009	28.779	022	023	0000	098	+0.357
09Nov21 14:08:40	 0.03hr	0008	28.743	023	024	0001	090	+4.215
09Nov21 14:08:43	 0.03hr	0009	28.779	022	023	0000	098	+0.417
09Nov21 14:08:43	 0.03hr	0008	28.743	023	024	0001	090	+4.215
09Nov21 14:08:45	 0.03hr	0009	28.779	022	023	0000	098	+0.417
09Nov21 14:08:45	 0.03hr	0008	28.743	023	024	0001	090	+4.274
09Nov21 14:08:48	 0.03hr	0009	28.779	022	023	0000	098	+0.417
09Nov21 14:08:48	 0.03hr	0008	28.743	023	024	0001	090	+4.215
09Nov21 14:08:51	 0.03hr	0009	28.779	022	023	0000	098	+0.417
09Nov21 14:08:51	 0.03hr	0008	28.743	023	024	0001	090	+4.157
09Nov21 14:08:54	 0.03hr	0009	28.779	022	023	0000	098	+0.417
09Nov21 14:08:54	 0.03hr	0008	28.743	023	024	0000	100	+4.157
09Nov21 14:08:57	 0.03hr	0009	28.779	022	023	0000	098	+0.476
09Nov21 14:08:57	 0.03hr	0008	28.743	023	024	0000	100	+4.098
09Nov21 14:08:59	 0.03hr	0009	28.779	022	023	0000	098	+0.417
09Nov21 14:08:59	 0.03hr	0008	28.743	023	024	0001	100	+4.157
09Nov21 14:09:02	 0.03hr	0009	28.779	022	023	0000	098	+0.417
09Nov21 14:09:02	 0.03hr	0008	28.743	023	024	0001	100	+4.215
09Nov21 14:09:05	 0.04hr	0009	28.779	022	023	0000	098	+0.357
09Nov21 14:09:05	 0.04hr	0008	28.743	023	024	0001	100	+4.215
09Nov21 14:09:08	 0.04hr	0009	28.779	022	023	0000	098	+0.357
09Nov21 14:09:08	 0.04hr	0008	28.743	023	024	0001	100	+4.215
09Nov21 14:09:10	 0.04hr	0009	28.779	022	023	0000	098	+0.417
09Nov21 14:09:10	 0.04hr	0008	28.743	023	024	0001	100	+4.157
09Nov21 14:09:13	 0.04hr	0009	28.779	022	023	0000	098	+0.357
09Nov21 14:09:13	 0.04hr	0008	28.743	023	024	0001	100	+4.215
09Nov21 14:09:16	 0.04hr	0009	28.779	022	023	0000	098	+0.417
09Nov21 14:09:16	 0.04hr	0008	28.743	023	024	0001	100	+4.157
09Nov21 14:09:19	 0.04hr	0009	28.779	022	023	0000	098	+0.357
09Nov21 14:09:19	 0.04hr	0008	28.743	023	024	0001	100	+4.215
09Nov21 14:09:21	 0.04hr	0009	28.779	022	023	0000	098	+0.417
09Nov21 14:09:21	 0.04hr	0008	28.743	023	024	0001	100	+4.215
09Nov21 14:09:24	 0.04hr	0009	28.779	022	023	0000	098	+0.417
09Nov21 14:09:24	 0.04hr	0008	28.761	023	024	0001	100	+4.157
09Nov21 14:09:27	 0.04hr	0009	28.779	022	023	0000	098	+0.357
09Nov21 14:09:27	 0.04hr	0008	28.743	023	024	0001	100	+4.157
09Nov21 14:09:30	 0.04hr	0009	28.779	022	023	0000	098	+0.417
09Nov21 14:09:30	 0.04hr	0008	28.743	023	024	0001	100	+4.157
09Nov21 14:09:32	 0.04hr	0009	28.779	022	023	0000	098	+0.417
09Nov21 14:09:32	 0.04hr	0008	28.743	023	024	0001	100	+4.157
09Nov21 14:09:35	 0.04hr	0009	28.779	022	023	0000	098	+0.417
09Nov21 14:09:35	 0.04hr	0008	28.743	023	024	0001	100	+4.215
09Nov21 14:09:38	 0.04hr	0009	28.779	022	023	0000	098	+0.417
09Nov21 14:09:38	 0.04hr	0008	28.743	023	024	0001	100	+4.157
09Nov21 14:09:41	 0.05hr	0009	28.779	022	023	0000	098	+0.417
09Nov21 14:09:41	 0.05hr	0008	28.761	023	024	0001	100	+4.157
09Nov21 14:09:43	 0.05hr	0009	28.779	022	023	0000	098	+0.357
09Nov21 14:09:43	 0.05hr	0008	28.743	023	024	0001	100	+4.157
09Nov21 14:09:46	 0.05hr	0009	28.779	022	023	0000	098	+0.417
09Nov21 14:09:46	 0.05hr	0008	28.743	023	024	0001	100	+4.157
09Nov21 14:09:49	 0.05hr	0009	28.779	022	023	0000	098	+0.357
09Nov21 14:09:49	 0.05hr	0008	28.743	023	024	0001	100	+4.157
09Nov21 14:09:52	 0.05hr	0009	28.779	022	023	0000	098	+0.417
09Nov21 14:09:52	 0.05hr	0008	28.743	023	024	0001	100	+4.157
09Nov21 14:09:54	 0.05hr	0009	28.779	022	023	0000	098	+0.357
09Nov21 14:09:54	 0.05hr	0008	28.743	023	024	0001	100	+4.157
09Nov21 14:09:57	 0.05hr	0009	28.779	022	023	0000	098	+0.417
09Nov21 14:09:57	 0.05hr	0008	28.743	023	024	0001	100	+4.215
09Nov21 14:10:00	 0.05hr	0009	28.779	022	023	0000	098	+0.417
09Nov21 14:10:00	 0.05hr	0008	28.761	023	024	0001	100	+4.215
09Nov21 14:10:03	 0.05hr	0009	28.779	022	023	0000	098	+0.417
09Nov21 14:10:03	 0.05hr	0008	28.761	023	024	0001	100	+4.215
09Nov21 14:10:05	 0.05hr	0009	28.779	022	023	0000	098	+0.357
09Nov21 14:10:05	 0.05hr	0008	28.743	023	024	0001	100	+4.157
09Nov21 14:10:08	 0.05hr	0009	28.779	022	023	0000	098	+0.357
09Nov21 14:10:08	 0.05hr	0008	28.743	023	024	0001	100	+4.157
09Nov21 14:10:11	 0.05hr	0009	28.779	022	023	0000	098	+0.417
09Nov21 14:10:11	 0.05hr	0008	28.743	023	024	0001	100	+4.215
09Nov21 14:10:14	 0.05hr	0009	28.761	022	023	0000	098	+0.417
09Nov21 14:10:14	 0.05hr	0008	28.761	023	024	0001	100	+4.157
09Nov21 14:10:16	 0.06hr	0009	28.779	022	023	0000	098	+0.417
09Nov21 14:10:16	 0.06hr	0008	28.743	023	024	0001	100	+4.157
09Nov21 14:10:19	 0.06hr	0009	28.779	022	023	0000	098	+0.417
09Nov21 14:10:19	 0.06hr	0008	28.743	023	024	0001	100	+4.215
09Nov21 14:10:22	 0.06hr	0009	28.779	022	023	0000	098	+0.357
09Nov21 14:10:22	 0.06hr	0008	28.743	023	024	0001	100	+4.157
09Nov21 14:10:25	 0.06hr	0009	28.779	022	023	0000	098	+0.417
09Nov21 14:10:25	 0.06hr	0008	28.761	023	024	0001	100	+4.157
09Nov21 14:10:27	 0.06hr	0009	28.779	022	023	0000	098	+0.357
09Nov21 14:10:27	 0.06hr	0008	28.743	023	024	0001	100	+4.215
09Nov21 14:10:30	 0.06hr	0009	28.779	022	023	0000	098	+0.417
09Nov21 14:10:30	 0.06hr	0008	28.743	023	024	0001	100	+4.215
09Nov21 14:10:33	 0.06hr	0009	28.779	022	023	0000	098	+0.417
09Nov21 14:10:33	 0.06hr	0008	28.743	023	024	0001	100	+4.157
09Nov21 14:10:36	 0.06hr	0009	28.779	022	023	0000	098	+0.417
09Nov21 14:10:36	 0.06hr	0008	28.761	023	024	0001	100	+4.157
09Nov21 14:10:38	 0.06hr	0009	28.779	022	023	0000	098	+0.417
09Nov21 14:10:38	 0.06hr	0008	28.743	023	024	0001	100	+4.157
09Nov21 14:10:41	 0.06hr	0009	28.779	022	023	0000	098	+0.417
09Nov21 14:10:41	 0.06hr	0008	28.761	023	024	0001	100	+4.157
09Nov21 14:10:44	 0.06hr	0009	28.779	022	023	0000	098	+0.417
09Nov21 14:10:44	 0.06hr	0008	28.743	023	024	0001	100	+4.157
09Nov21 14:10:47	 0.06hr	0009	28.779	022	023	0000	098	+0.417
09Nov21 14:10:47	 0.06hr	0008	28.743	023	024	0001	100	+4.157
09Nov21 14:10:49	 0.06hr	0009	28.779	022	023	0000	098	+0.417
09Nov21 14:10:49	 0.06hr	0008	28.761	023	024	0001	100	+4.157
09Nov21 14:10:52	 0.06hr	0009	28.779	022	023	0000	098	+0.417
09Nov21 14:10:52	 0.06hr	0008	28.743	023	024	0001	100	+4.157
09Nov21 14:10:55	 0.07hr	0009	28.779	022	023	0000	098	+0.417
09Nov21 14:10:55	 0.07hr	0008	28.743	024	024	0001	100	+4.157
09Nov21 14:10:57	 0.07hr	0009	28.779	022	023	0000	098	+0.476
09Nov21 14:10:57	 0.07hr	0008	28.743	023	024	0001	100	+4.157
09Nov21 14:11:00	 0.07hr	0009	28.779	022	023	0000	098	+0.476
09Nov21 14:11:00	 0.07hr	0008	28.761	023	024	0001	100	+4.098
09Nov21 14:11:03	 0.07hr	0009	28.779	022	023	0000	098	+0.476
09Nov21 14:11:03	 0.07hr	0008	28.761	024	024	0001	100	+4.157
09Nov21 14:11:06	 0.07hr	0009	28.779	022	023	0000	098	+0.417
09Nov21 14:11:06	 0.07hr	0008	28.761	023	024	0001	100	+4.157
09Nov21 14:11:08	 0.07hr	0009	28.779	022	023	0000	098	+0.417
09Nov21 14:11:08	 0.07hr	0008	28.761	024	024	0001	100	+4.157
09Nov21 14:11:11	 0.07hr	0009	28.779	022	023	0000	098	+0.476
09Nov21 14:11:11	 0.07hr	0008	28.761	023	024	0001	100	+4.098
09Nov21 14:11:14	 0.07hr	0009	28.779	022	023	0000	098	+0.417
09Nov21 14:11:14	 0.07hr	0008	28.743	024	024	0001	100	+4.157
09Nov21 14:11:17	 0.07hr	0009	28.779	022	023	0000	098	+0.476
09Nov21 14:11:17	 0.07hr	0008	28.743	024	024	0001	100	+4.157
09Nov21 14:11:19	 0.07hr	0009	28.779	022	023	0000	098	+0.476
09Nov21 14:11:19	 0.07hr	0008	28.761	024	024	0001	100	+4.157
09Nov21 14:11:22	 0.07hr	0009	28.779	022	023	0000	098	+0.417
09Nov21 14:11:22	 0.07hr	0008	28.743	024	024	0001	100	+4.157
09Nov21 14:11:25	 0.07hr	0009	28.779	022	023	0000	098	+0.417
09Nov21 14:11:25	 0.07hr	0008	28.761	024	024	0001	100	+4.157
09Nov21 14:11:28	 0.07hr	0009	28.779	022	023	0000	098	+0.476
09Nov21 14:11:28	 0.07hr	0008	28.743	024	024	0001	100	+4.157
09Nov21 14:11:30	 0.08hr	0009	28.779	022	023	0000	098	+0.476
09Nov21 14:11:30	 0.08hr	0008	28.743	024	024	0001	100	+4.098
09Nov21 14:11:33	 0.08hr	0009	28.779	022	023	0000	098	+0.417
09Nov21 14:11:33	 0.08hr	0008	28.743	024	024	0001	100	+4.157
09Nov21 14:11:36	 0.08hr	0009	28.779	022	023	0000	098	+0.417
09Nov21 14:11:36	 0.08hr	0008	28.743	024	024	0001	100	+4.098
09Nov21 14:11:39	 0.08hr	0009	28.779	022	023	0000	098	+0.417
09Nov21 14:11:39	 0.08hr	0008	28.761	024	024	0001	100	+4.157
09Nov21 14:11:41	 0.08hr	0009	28.779	022	023	0000	098	+0.417
09Nov21 14:11:41	 0.08hr	0008	28.743	024	024	0001	100	+4.157
09Nov21 14:11:44	 0.08hr	0009	28.779	022	023	0000	098	+0.417
09Nov21 14:11:44	 0.08hr	0008	28.743	024	024	0001	100	+4.157
09Nov21 14:11:47	 0.08hr	0009	28.779	022	023	0000	098	+0.417
09Nov21 14:11:47	 0.08hr	0008	28.743	024	024	0001	100	+4.157
09Nov21 14:11:50	 0.08hr	0009	28.779	022	023	0000	098	+0.476
09Nov21 14:11:50	 0.08hr	0008	28.761	024	024	0001	100	+4.098
09Nov21 14:11:52	 0.08hr	0009	28.779	022	023	0000	098	+0.476
09Nov21 14:11:52	 0.08hr	0008	28.743	024	024	0001	100	+4.098
09Nov21 14:11:55	 0.08hr	0009	28.779	022	023	0000	098	+0.476
09Nov21 14:11:55	 0.08hr	A0008	28.761	024	024	0001	100	+4.157
09Nov21 14:11:58	 0.08hr	0009	28.779	022	023	0000	098	+0.417
09Nov21 14:11:58	 0.08hr	0008	28.743	024	024	0001	100	+4.157
09Nov21 14:12:01	 0.08hr	0009	28.779	022	023	0000	098	+0.417
09Nov21 14:12:01	 0.08hr	ADC: I 4.098 BT 24 B 28.760008	28.743	024	024	0001	100	+4.157
09Nov21 14:12:03	 0.08hr	0009	28.779	022	023	0000	098	+0.476
09Nov21 14:12:03	 0.08hr	00080008	28.761	024	024	0001	100	+4.098
09Nov21 14:12:06	 0.09hr	0009	28.779	022	023	0000	098	+0.417
09Nov21 14:12:06	 0.09hr	0008	28.761	024	024	0001	100	+4.098
09Nov21 14:12:09	 0.09hr	0009	28.779	022	023	0000	098	+0.476
09Nov21 14:12:09	 0.09hr	0008	28.743	024	024	0001	100	+4.098
09Nov21 14:12:12	 0.09hr	0009	28.779	022	023	0000	098	+0.417
09Nov21 14:12:12	 0.09hr	0008	28.743	024	024	0001	100	+4.098
09Nov21 14:12:14	 0.09hr	0009	28.779	022	023	0000	098	+0.417
09Nov21 14:12:14	 0.09hr	ADC: I 4.090008	28.761	024	024	0001	100	+4.098
09Nov21 14:12:17	 0.09hr	0009	28.779	022	023	0000	098	+0.476
09Nov21 14:12:17	 0.09hr	0008	28.761	024	024	0001	100	+4.098
09Nov21 14:12:20	 0.09hr	0009	28.779	022	023	0000	098	+0.476
09Nov21 14:12:20	 0.09hr	0008	28.761	024	024	0001	100	+4.098
09Nov21 14:12:23	 0.09hr	0009	28.779	022	023	0000	098	+0.476
09Nov21 14:12:23	 0.09hr	0008	28.761	024	024	0001	100	+4.157
09Nov21 14:12:25	 0.09hr	ADC: I 0.476 BT 22 B 28.770009	28.779	022	023	0000	098	+0.417
09Nov21 14:12:25	 0.09hr	0008	28.761	024	024	0001	100	+4.098
09Nov21 14:12:28	 0.09hr	ADC: I 0.417 B0009	28.779	022	023	0000	098	+0.476
09Nov21 14:12:28	 0.09hr	0008	28.761	024	024	0001	100	+4.040
09Nov21 14:12:31	 0.09hr	ADC: I 0.476 BT 22 B 28.770009	28.779	022	023	0000	098	+0.476
09Nov21 14:12:31	 0.09hr	ADC: I 4.040 BT 24 B 28.761 L 28.743 0008	28.761	024	024	0001	100	+4.098
09Nov21 14:12:34	 0.09hr	0009	28.779	022	023	0000	098	+0.476
09Nov21 14:12:34	 0.09hr	0008	28.761	024	024	0001	100	+4.098
09Nov21 14:12:36	 0.09hr	0009	28.779	022	023	0000	098	+0.417
09Nov21 14:12:36	 0.09hr	ADC: I 4.040 BT 24 B 28.760008	28.761	024	024	0001	100	+4.098
09Nov21 14:12:39	 0.09hr	0009	28.779	022	023	0000	098	+0.476
09Nov21 14:12:39	 0.09hr	ADC: I 4.040 BT 24 B 28.760008	28.761	024	024	0001	100	+4.098
09Nov21 14:12:42	 0.10hr	AD0009	28.779	022	023	0000	098	+0.536
09Nov21 14:12:42	 0.10hr	0008	28.761	024	024	0001	100	+4.098
09Nov21 14:12:45	 0.10hr	ADC: I 0.476 BT 22 B 28.770009	28.779	022	023	0000	098	+0.476
09Nov21 14:12:45	 0.10hr	0008	28.761	024	024	0001	100	+4.098
09Nov21 14:12:47	 0.10hr	ADC: I 0.476 BT 22 B 28.770009	28.779	022	023	0000	098	+0.476
09Nov21 14:12:47	 0.10hr	ADC: I 4.040 BT 24 B 28.760008	28.761	024	024	0001	100	+4.098
09Nov21 14:12:50	 0.10hr	0009	28.779	022	023	0000	098	+0.476
09Nov21 14:12:50	 0.10hr	ADC: I 4.040 BT 25 B 28.760008	28.779	024	024	0001	100	+4.040
09Nov21 14:12:53	 0.10hr	0009	28.779	022	023	0000	098	+0.476
09Nov21 14:12:53	 0.10hr	Start ChgComp0008	28.761	025	024	0001	100	+4.040
09Nov21 14:12:56	 0.10hr	0009	28.779	022	023	0000	098	+0.476
09Nov21 14:12:56	 0.10hr	ADC: I 4.040 BT 25 B 28.760008	28.761	025	024	0001	100	+4.040
09Nov21 14:12:58	 0.10hr	0009	28.779	022	023	0000	098	+0.476
09Nov21 14:12:58	 0.10hr	0008	28.761	025	024	0001	100	+4.040
09Nov21 14:13:01	 0.10hr	00009	28.779	022	023	0000	098	+0.476
09Nov21 14:13:01	 0.10hr	0008	28.761	025	024	0001	100	+4.040
09Nov21 14:13:04	 0.10hr	ADC: I 0.476 BT 22 B 28.770009	28.779	022	023	0000	098	+0.476
09Nov21 14:13:04	 0.10hr	ADC: I 4.040008	28.761	025	024	0001	100	+4.098
09Nov21 14:13:07	 0.10hr	00009	28.779	022	023	0000	098	+0.476
09Nov21 14:13:07	 0.10hr	ADC: I 4.098 BT 25 B 28.760008	28.761	025	024	0001	100	+4.040
09Nov21 14:13:09	 0.10hr	0009	28.779	022	023	0000	098	+0.476
09Nov21 14:13:09	 0.10hr	Start ChgComp0008	28.761	025	024	0001	100	+4.098
09Nov21 14:13:12	 0.10hr	00009	28.779	022	023	0000	098	+0.536
09Nov21 14:13:12	 0.10hr	0008	28.761	025	024	0001	100	+4.040
09Nov21 14:13:15	 0.10hr	0009	28.779	022	023	0000	098	+0.536
09Nov21 14:13:15	 0.10hr	0008	28.761	025	024	0001	100	+4.040
09Nov21 14:13:18	 0.11hr	00009	28.779	022	023	0000	098	+0.476
09Nov21 14:13:18	 0.11hr	0008	28.761	025	024	0001	100	+4.040
09Nov21 14:13:20	 0.11hr	ADC: I 0.536 BT 22 B 28.770009	28.779	022	023	0000	098	+0.536
09Nov21 14:13:20	 0.11hr	ADC: I 4.098 BT 25 B 28.761 L 28.761 0008	28.761	025	024	0001	100	+4.040
09Nov21 14:13:23	 0.11hr	ADC: I 0.476 B0009	28.779	022	023	0000	098	+0.536
09Nov21 14:13:23	 0.11hr	0008	28.761	025	024	0001	100	+4.040
09Nov21 14:13:26	 0.11hr	ADC: I 0.536 BT 22 B 28.770009	28.779	022	023	0000	098	+0.536
09Nov21 14:13:26	 0.11hr	0008	28.779	025	024	0001	100	+4.040
09Nov21 14:13:29	 0.11hr	0009	28.779	022	023	0000	098	+0.536
09Nov21 14:13:29	 0.11hr	0008	28.779	025	024	0001	100	+4.098
09Nov21 14:13:31	 0.11hr	0009	28.779	022	023	0000	098	+0.595
09Nov21 14:13:31	 0.11hr	0008	28.779	025	024	0001	100	+4.040
09Nov21 14:13:34	 0.11hr	0009	28.779	022	023	0000	098	+0.595
09Nov21 14:13:34	 0.11hr	0008	28.761	025	024	0001	100	+3.981
09Nov21 14:13:37	 0.11hr	AD0009	28.779	022	023	0000	098	+0.536
09Nov21 14:13:37	 0.11hr	0008	28.779	025	024	0001	100	+3.981
09Nov21 14:13:40	 0.11hr	ADC: I 0.595 BT 22 B 28.770009	28.779	022	023	0000	098	+0.536
09Nov21 14:13:40	 0.11hr	0008	28.761	025	024	0001	100	+3.981
09Nov21 14:13:42	 0.11hr	0009	28.779	022	023	0000	098	+0.536
09Nov21 14:13:42	 0.11hr	0008	28.779	025	024	0001	100	+4.040
09Nov21 14:13:45	 0.11hr	0009	28.779	022	023	0000	098	+0.536
09Nov21 14:13:45	 0.11hr	0008	28.779	025	024	0001	100	+3.981
09Nov21 14:13:48	 0.11hr	0009	28.779	022	023	0000	098	+0.536
09Nov21 14:13:48	 0.11hr	0008	28.779	025	024	0001	100	+3.981
09Nov21 14:13:51	 0.11hr	ADC: I 0.536 BT 22 B 28.779 L 28.546 H 20009	28.779	022	023	0000	098	+0.595
09Nov21 14:13:51	 0.11hr	0008	28.779	025	024	0001	100	+4.040
09Nov21 14:13:53	 0.12hr	ADC: I 0.595 BT 22 B 28.770009	28.779	022	023	0000	098	+0.595
09Nov21 14:13:53	 0.12hr	0008	28.761	025	025	0001	100	+3.981
09Nov21 14:13:56	 0.12hr	0009	28.779	022	023	0000	098	+0.595
09Nov21 14:13:56	 0.12hr	0008	28.779	025	024	0001	100	+4.040
09Nov21 14:13:59	 0.12hr	ADC: I 0.595 BT 22 B 28.770009	28.779	022	023	0000	098	+0.595
09Nov21 14:13:59	 0.12hr	0008	28.779	025	024	0001	100	+3.981
09Nov21 14:14:02	 0.12hr	0009	28.779	022	023	0000	098	+0.536
09Nov21 14:14:02	 0.12hr	0008	28.779	025	024	0001	100	+4.040
09Nov21 14:14:04	 0.12hr	00009	28.779	022	023	0000	098	+0.595
09Nov21 14:14:04	 0.12hr	0008	28.779	025	024	0001	100	+3.981
09Nov21 14:14:07	 0.12hr	0009	28.779	022	023	0000	098	+0.536
09Nov21 14:14:07	 0.12hr	0008	28.779	025	024	0001	100	+3.981
09Nov21 14:14:10	 0.12hr	00009	28.779	022	023	0000	098	+0.536
09Nov21 14:14:10	 0.12hr	ADC: I 4.040 BT 250008	28.761	025	024	0001	100	+3.981
09Nov21 14:14:13	 0.12hr	0009	28.779	022	023	0000	098	+0.595
09Nov21 14:14:13	 0.12hr	ADC: I 3.981 BT 25 B 28.760008	28.779	025	025	0001	100	+3.981
09Nov21 14:14:15	 0.12hr	0009	28.779	022	023	0000	098	+0.536
09Nov21 14:14:15	 0.12hr	0008	28.761	025	024	0001	100	+4.040
09Nov21 14:14:18	 0.12hr	0009	28.779	022	023	0000	098	+0.536
09Nov21 14:14:18	 0.12hr	0008	28.779	025	025	0001	100	+4.040
09Nov21 14:14:21	 0.12hr	0009	28.779	022	023	0000	098	+0.655
09Nov21 14:14:21	 0.12hr	0008	28.779	025	024	0001	100	+4.040
09Nov21 14:14:24	 0.12hr	0009	28.779	022	023	0000	098	+0.595
09Nov21 14:14:24	 0.12hr	0008	28.779	025	024	0001	100	+3.981
09Nov21 14:14:26	 0.12hr	0009	28.779	022	023	0000	098	+0.595
09Nov21 14:14:26	 0.12hr	0008	28.779	025	024	0001	100	+3.981
09Nov21 14:14:29	 0.13hr	0009	28.779	022	023	0000	098	+0.595
09Nov21 14:14:29	 0.13hr	0008	28.779	025	024	0001	100	+3.981
09Nov21 14:14:32	 0.13hr	St0009	28.779	022	023	0000	098	+0.595
09Nov21 14:14:32	 0.13hr	0008	28.779	025	024	0001	100	+3.981
09Nov21 14:14:35	 0.13hr	ADC: I 0.595 BT 22 B 28.770009	28.779	022	023	0000	098	+0.595
09Nov21 14:14:35	 0.13hr	ADC: I 3.981 BT 25 B 280008	28.779	025	024	0001	100	+4.040
09Nov21 14:14:37	 0.13hr	0009	28.779	022	023	0000	098	+0.595
09Nov21 14:14:37	 0.13hr	0008	28.779	025	024	0001	100	+3.981
09Nov21 14:14:40	 0.13hr	0009	28.779	022	023	0000	098	+0.595
09Nov21 14:14:40	 0.13hr	S0008	28.761	025	025	0001	100	+3.923
09Nov21 14:14:43	 0.13hr	0009	28.779	022	023	0000	098	+0.595
09Nov21 14:14:43	 0.13hr	0008	28.779	026	025	0001	100	+3.981
09Nov21 14:14:46	 0.13hr	Star0009	28.779	022	023	0000	098	+0.536
09Nov21 14:14:46	 0.13hr	0008	28.779	026	024	0001	100	+3.981
09Nov21 14:14:48	 0.13hr	0009	28.779	022	023	0000	098	+0.595
09Nov21 14:14:48	 0.13hr	0008	28.779	026	024	0001	100	+3.981
09Nov21 14:14:51	 0.13hr	00009	28.779	022	023	0000	098	+0.595
09Nov21 14:14:51	 0.13hr	0008	28.779	026	024	0001	100	+3.981
09Nov21 14:14:54	 0.13hr	0009	28.779	022	023	0000	098	+0.595
09Nov21 14:14:54	 0.13hr	S0008	28.779	026	024	0001	100	+3.981
09Nov21 14:14:57	 0.13hr	00009	28.779	022	023	0000	098	+0.655
09Nov21 14:14:57	 0.13hr	0008	28.779	026	024	0001	100	+3.923
09Nov21 14:14:59	 0.13hr	ADC: I 0.595 BT 22 B 28.770009	28.779	022	023	0000	098	+0.595
09Nov21 14:14:59	 0.13hr	0008	28.779	026	025	0001	100	+3.981Start ChgComp
09Nov21 14:15:02	 0.13hr	0009	28.779	022	023	0000	098	+0.595
09Nov21 14:15:02	 0.13hr	0008	28.761	026	025	0001	100	+4.040
09Nov21 14:15:05	 0.14hr	0009	28.779	022	023	0000	098	+0.655
09Nov21 14:15:05	 0.14hr	0008	28.761	026	024	0001	100	+3.981
09Nov21 14:15:08	 0.14hr	0009	28.779	022	023	0000	098	+0.595
09Nov21 14:15:08	 0.14hr	0008	28.779	026	024	0001	100	+3.981
09Nov21 14:15:10	 0.14hr	0009	28.779	022	023	0000	098	+0.595
09Nov21 14:15:10	 0.14hr	0008	28.779	026	024	0001	100	+3.981
09Nov21 14:15:13	 0.14hr	0009	28.779	022	023	0000	098	+0.655
09Nov21 14:15:13	 0.14hr	0008	28.779	026	024	0001	100	+3.923
09Nov21 14:15:16	 0.14hr	0009	28.779	022	023	0000	098	+0.655
09Nov21 14:15:16	 0.14hr	0008	28.779	026	025	0001	100	+3.981
09Nov21 14:15:19	 0.14hr	0009	28.779	022	023	0000	098	+0.655
09Nov21 14:15:19	 0.14hr	0008	28.779	026	025	0001	100	+3.981
09Nov21 14:15:21	 0.14hr	0009	28.779	022	023	0000	098	+0.655
09Nov21 14:15:21	 0.14hr	0008	28.779	026	024	0001	100	+3.981
09Nov21 14:15:24	 0.14hr	0009	28.779	022	023	0000	098	+0.595
09Nov21 14:15:24	 0.14hr	0008	28.779	026	025	0001	100	+3.981
09Nov21 14:15:27	 0.14hr	0009	28.779	022	023	0000	098	+0.595
09Nov21 14:15:27	 0.14hr	Start ChgComp0008	28.779	026	025	0001	100	+3.923
09Nov21 14:15:30	 0.14hr	0009	28.779	022	023	0000	098	+0.655
09Nov21 14:15:30	 0.14hr	0008	28.779	026	025	0001	100	+3.981
09Nov21 14:15:32	 0.14hr	0009	28.779	022	023	0000	098	+0.655
09Nov21 14:15:32	 0.14hr	ADC: I 3.981 BT 26 B 28.779 L 28.779 0008	28.779	026	025	0001	100	+3.981
09Nov21 14:15:35	 0.14hr	0009	28.779	022	023	0000	098	+0.655
09Nov21 14:15:35	 0.14hr	0008	28.779	026	025	0001	100	+3.923
09Nov21 14:15:38	 0.14hr	ADC: I 0.655 BT 22 B 28.779 L 28.546 H0009	28.779	022	023	0000	098	+0.595
09Nov21 14:15:38	 0.14hr	0008	28.779	026	025	0001	100	+3.923
09Nov21 14:15:41	 0.15hr	0009	28.779	022	023	0000	098	+0.655
09Nov21 14:15:41	 0.15hr	0008	28.779	026	025	0001	100	+3.923
09Nov21 14:15:43	 0.15hr	0009	28.779	022	023	0000	098	+0.595
09Nov21 14:15:43	 0.15hr	0008	28.761	026	025	0001	100	+3.923
09Nov21 14:15:46	 0.15hr	0009	28.779	022	023	0000	098	+0.595
09Nov21 14:15:46	 0.15hr	0008	28.779	026	025	0001	100	+3.923
09Nov21 14:15:49	 0.15hr	0009	28.779	022	023	0000	098	+0.595
09Nov21 14:15:49	 0.15hr	0008	28.779	026	024	0001	100	+3.981
09Nov21 14:15:52	 0.15hr	0009	28.779	022	023	0000	098	+0.595
09Nov21 14:15:52	 0.15hr	0008	28.779	026	025	0001	100	+3.923
09Nov21 14:15:54	 0.15hr	0009	28.779	022	023	0000	098	+0.595
09Nov21 14:15:54	 0.15hr	0008	28.779	026	025	0001	100	+3.923
09Nov21 14:15:57	 0.15hr	0009	28.779	022	023	0000	098	+0.595
09Nov21 14:15:57	 0.15hr	0008	28.779	026	025	0001	100	+3.981
09Nov21 14:16:00	 0.15hr	0009	28.779	022	023	0000	098	+0.595
09Nov21 14:16:00	 0.15hr	0008	28.779	026	025	0001	100	+3.923
09Nov21 14:16:03	 0.15hr	0009	28.779	022	023	0000	098	+0.655
09Nov21 14:16:03	 0.15hr	0008	28.779	026	025	0001	100	+3.923
09Nov21 14:16:05	 0.15hr	0009	28.779	022	023	0000	098	+0.595
09Nov21 14:16:05	 0.15hr	0008	28.779	026	025	0001	100	+3.981
09Nov21 14:16:08	 0.15hr	0009	28.779	022	023	0000	098	+0.655
09Nov21 14:16:08	 0.15hr	0008	28.779	026	025	0001	100	+3.923
09Nov21 14:16:11	 0.15hr	0009	28.779	022	023	0000	098	+0.595
09Nov21 14:16:11	 0.15hr	0008	28.779	026	025	0001	100	+3.923
09Nov21 14:16:14	 0.15hr	0009	28.779	022	023	0000	098	+0.595
09Nov21 14:16:14	 0.15hr	0008	28.779	026	025	0001	100	+3.981
09Nov21 14:16:16	 0.16hr	0009	28.779	022	023	0000	098	+0.655
09Nov21 14:16:16	 0.16hr	ADC: I 3.920008	28.779	026	025	0001	100	+3.981
09Nov21 14:16:19	 0.16hr	0009	28.779	022	023	0000	098	+0.655
09Nov21 14:16:19	 0.16hr	0008	28.779	026	025	0001	100	+3.923
09Nov21 14:16:22	 0.16hr	ADC: I 0.655 BT 22 B 28.770009	28.779	022	023	0000	098	+0.655
09Nov21 14:16:22	 0.16hr	0008	28.779	026	025	0001	100	+3.981
09Nov21 14:16:25	 0.16hr	0009	28.779	022	023	0000	098	+0.655
09Nov21 14:16:25	 0.16hr	0008	28.779	026	025	0001	100	+3.923
09Nov21 14:16:27	 0.16hr	0009	28.779	022	023	0000	098	+0.655
09Nov21 14:16:27	 0.16hr	0008	28.779	026	025	0001	100	+3.864
09Nov21 14:16:30	 0.16hr	0009	28.779	022	023	0000	098	+0.655
09Nov21 14:16:30	 0.16hr	0008	28.779	026	025	0001	100	+3.923
09Nov21 14:16:33	 0.16hr	0009	28.779	022	023	0000	098	+0.595
09Nov21 14:16:33	 0.16hr	0008	28.779	026	025	0001	100	+3.923
09Nov21 14:16:36	 0.16hr	0009	28.779	022	023	0000	098	+0.655
09Nov21 14:16:36	 0.16hr	ADC: I 30008	28.779	026	025	0001	100	+3.981
09Nov21 14:16:38	 0.16hr	0009	28.779	022	023	0000	098	+0.655
09Nov21 14:16:38	 0.16hr	0008	28.779	026	025	0001	100	+3.981
09Nov21 14:16:41	 0.16hr	0009	28.779	022	023	0000	098	+0.595
09Nov21 14:16:41	 0.16hr	0008	28.779	026	025	0001	100	+3.923
09Nov21 14:16:44	 0.16hr	AD0009	28.779	022	023	0000	098	+0.655
09Nov21 14:16:44	 0.16hr	0008	28.779	026	025	0001	100	+3.923
09Nov21 14:16:47	 0.16hr	ADC: I 0.714 BT 22 B 28.770009	28.779	022	023	0000	098	+0.595
09Nov21 14:16:47	 0.16hr	0008	28.779	026	025	0001	100	+3.981
09Nov21 14:16:49	 0.16hr	0009	28.779	022	023	0000	098	+0.655
09Nov21 14:16:49	 0.16hr	0008	28.779	026	025	0001	100	+3.923
09Nov21 14:16:52	 0.16hr	0009	28.779	022	023	0000	098	+0.655
09Nov21 14:16:52	 0.16hr	Start ChgCom0008	28.779	026	025	0001	100	+3.923
09Nov21 14:16:55	 0.17hr	0009	28.779	022	023	0000	098	+0.655
09Nov21 14:16:55	 0.17hr	0008	28.779	026	025	0001	100	+3.923
09Nov21 14:16:58	 0.17hr	0009	28.779	022	023	0000	098	+0.714
09Nov21 14:16:58	 0.17hr	0008	28.779	026	025	0001	100	+3.864
09Nov21 14:17:00	 0.17hr	0009	28.779	022	023	0000	098	+0.714
09Nov21 14:17:00	 0.17hr	ADC: I 3.923 BT 26 B 28.779 L 28.779 0008	28.779	026	025	0001	100	+3.923
09Nov21 14:17:03	 0.17hr	0009	28.779	022	023	0000	098	+0.655
09Nov21 14:17:03	 0.17hr	0008	28.779	026	025	0001	100	+3.923
09Nov21 14:17:06	 0.17hr	0009	28.779	022	023	0000	098	+0.655
09Nov21 14:17:06	 0.17hr	0008	28.779	026	025	0001	100	+3.981
09Nov21 14:17:09	 0.17hr	0009	28.779	022	023	0000	098	+0.655
09Nov21 14:17:09	 0.17hr	Start ChgCom0008	28.779	026	025	0001	100	+3.923
09Nov21 14:17:11	 0.17hr	0009	28.779	022	023	0000	098	+0.655
09Nov21 14:17:11	 0.17hr	0008	28.779	026	025	0001	100	+3.923
09Nov21 14:17:14	 0.17hr	0009	28.779	022	023	0000	098	+0.655
09Nov21 14:17:14	 0.17hr	0008	28.779	026	025	0001	100	+3.923
09Nov21 14:17:17	 0.17hr	0009	28.779	022	023	0000	098	+0.595
09Nov21 14:17:17	 0.17hr	0008	28.779	026	025	0001	100	+3.923
09Nov21 14:17:20	 0.17hr	0009	28.779	022	023	0000	098	+0.655
09Nov21 14:17:20	 0.17hr	0008	28.779	026	025	0001	100	+3.923
09Nov21 14:17:22	 0.17hr	0009	28.779	022	023	0000	098	+0.655
09Nov21 14:17:22	 0.17hr	0008	28.7728.761	026	025	0001	100	+3.923
09Nov21 14:17:25	 0.17hr	000009	28.779	022	023	0000	098	+0.655
09Nov21 14:17:25	 0.17hr	0008	28.779	026	025	0001	100	+3.923
09Nov21 14:17:28	 0.17hr	0009	28.779	022	023	0000	098	+0.655
09Nov21 14:17:28	 0.17hr	ADC: I 3.920008	28.779	026	025	0001	100	+3.923
09Nov21 14:17:31	 0.18hr	0009	28.779	022	023	0000	098	+0.655
09Nov21 14:17:31	 0.18hr	0008	28.779	026	025	0001	100	+3.864
09Nov21 14:17:33	 0.18hr	00009	28.779	022	023	0000	098	+0.655
09Nov21 14:17:33	 0.18hr	0008	28.779	026	025	0001	100	+3.923
09Nov21 14:17:36	 0.18hr	0009	28.779	022	023	0000	098	+0.655
09Nov21 14:17:36	 0.18hr	0008	28.779	026	025	0001	100	+3.923
09Nov21 14:17:39	 0.18hr	0009	28.779	022	023	0000	098	+0.655
09Nov21 14:17:39	 0.18hr	0008	28.779	026	025	0001	100	+3.923Start ChgComp
09Nov21 14:17:42	 0.18hr	0009	28.779	022	023	0000	098	+0.655
09Nov21 14:17:42	 0.18hr	0008	28.779	026	025	0001	100	+3.923
09Nov21 14:17:44	 0.18hr	0009	28.779	022	023	0000	098	+0.655
09Nov21 14:17:44	 0.18hr	0008	28.779	026	025	0001	100	+3.923
09Nov21 14:17:47	 0.18hr	0009	28.779	022	023	0000	098	+0.714
09Nov21 14:17:47	 0.18hr	0008	28.779	026	025	0001	100	+3.923
09Nov21 14:17:50	 0.18hr	0009	28.779	022	023	0000	098	+0.595
09Nov21 14:17:50	 0.18hr	0008	28.779	026	025	0001	100	+3.923
09Nov21 14:17:53	 0.18hr	ADC: I 0.714 BT 22 B 28.770009	28.779	022	023	0000	098	+0.655
09Nov21 14:17:53	 0.18hr	ADC: I 3.9230008	28.779	026	025	0001	100	+3.923
09Nov21 14:17:55	 0.18hr	0009	28.779	022	023	0000	098	+0.714
09Nov21 14:17:55	 0.18hr	0008	28.779	026	025	0001	100	+3.923
09Nov21 14:17:58	 0.18hr	ADC: I 0.655 BT 22 B 28.770009	28.779	022	023	0000	098	+0.655
09Nov21 14:17:58	 0.18hr	0008	28.779	026	025	0001	100	+3.923
09Nov21 14:18:01	 0.18hr	0009	28.779	022	023	0000	098	+0.714
09Nov21 14:18:01	 0.18hr	0008	28.779	026	025	0001	100	+3.864
09Nov21 14:18:03	 0.18hr	0009	28.779	022	023	0000	098	+0.714
09Nov21 14:18:03	 0.18hr	0008	28.779	027	025	0001	100	+3.864
09Nov21 14:18:06	 0.19hr	0009	28.779	022	023	0000	098	+0.655
09Nov21 14:18:06	 0.19hr	0008	28.779	027	025	0001	100	+3.864
09Nov21 14:18:09	 0.19hr	0009	28.779	022	023	0000	098	+0.655
09Nov21 14:18:09	 0.19hr	ADC: I 3.864 BT 27 B 28.779 L 28.779 0008	28.797	026	025	0001	100	+3.864
09Nov21 14:18:12	 0.19hr	00009	28.779	022	023	0000	098	+0.714
09Nov21 14:18:12	 0.19hr	0008	28.779	027	025	0001	100	+3.864
09Nov21 14:18:14	 0.19hr	ADC: I 0.714 BT 22 B 28.770009	28.779	022	023	0000	098	+0.655
09Nov21 14:18:14	 0.19hr	0008	28.779	027	025	0001	100	+3.864
09Nov21 14:18:17	 0.19hr	0009	28.779	022	023	0000	098	+0.714
09Nov21 14:18:17	 0.19hr	ADC: I 3.923 BT 27 B 28.770008	28.779	027	025	0001	100	+3.923
09Nov21 14:18:20	 0.19hr	00009	28.779	022	023	0000	098	+0.714
09Nov21 14:18:20	 0.19hr	ADC: I 3.920008	28.779	027	025	0001	100	+3.864
09Nov21 14:18:22	 0.19hr	0009	28.779	022	023	0000	098	+0.714
09Nov21 14:18:22	 0.19hr	0008	28.779	027	025	0001	100	+3.864
09Nov21 14:18:25	 0.19hr	St0009	28.779	022	023	0000	098	+0.714
09Nov21 14:18:25	 0.19hr	0008	28.779	027	025	0001	100	+3.864
09Nov21 14:18:28	 0.19hr	ADC: I 0.714 BT 22 B 28.770009	28.779	022	023	0000	098	+0.714
09Nov21 14:18:28	 0.19hr	0008	28.779	027	025	0001	100	+3.864
09Nov21 14:18:31	 0.19hr	ADC: I 0.714 BT 22 B 28.770009	28.779	022	023	0000	098	+0.714
09Nov21 14:18:31	 0.19hr	0008	28.779	027	025	0001	100	+3.864
09Nov21 14:18:33	 0.19hr	0009	28.779	022	023	0000	098	+0.774
09Nov21 14:18:33	 0.19hr	0008	28.797	027	025	0001	100	+3.864
09Nov21 14:18:36	 0.19hr	ADC: I 0.774 BT 22 B 28.790009	28.779	022	023	0000	098	+0.714
09Nov21 14:18:36	 0.19hr	0008	28.779	027	025	0001	100	+3.864
09Nov21 14:18:39	 0.19hr	0009	28.779	022	023	0000	098	+0.714
09Nov21 14:18:39	 0.19hr	0008	28.779	027	025	0001	100	+3.864
09Nov21 14:18:42	 0.20hr	0009	28.779	022	023	0000	098	+0.714
09Nov21 14:18:42	 0.20hr	0008	28.779	027	025	0001	100	+3.Start ChgComp
09Nov21 14:18:44	 0.20hr	0009	28.779	022	023	0000	098	+0.774
09Nov21 14:18:44	 0.20hr	0008	28.779	027	025	0001	100	+3.864
09Nov21 14:18:47	 0.20hr	00009	28.779	022	023	0000	098	+0.714
09Nov21 14:18:47	 0.20hr	ADC: I 3.860008	28.779	027	025	0001	100	+3.864
09Nov21 14:18:50	 0.20hr	0009	28.779	022	023	0000	098	+0.714
09Nov21 14:18:50	 0.20hr	0008	28.779	027	025	0001	100	+3.864
09Nov21 14:18:52	 0.20hr	00009	28.779	022	023	0000	098	+0.714
09Nov21 14:18:52	 0.20hr	S0008	28.779	027	025	0001	100	+3.864
09Nov21 14:18:55	 0.20hr	0009	28.779	022	023	0000	098	+0.774
09Nov21 14:18:55	 0.20hr	0008	28.779	027	025	0001	100	+3.864
09Nov21 14:18:58	 0.20hr	00009	28.779	022	023	0000	098	+0.774
09Nov21 14:18:58	 0.20hr	0008	28.779	027	025	0001	100	+3.806
09Nov21 14:19:01	 0.20hr	ADC: I 0.774 BT 22 B 28.770009	28.779	022	023	0000	098	+0.774
09Nov21 14:19:01	 0.20hr	Start ChgCom0008	28.779	027	025	0001	100	+3.864
09Nov21 14:19:03	 0.20hr	ADC: I 0.774 BT 22 B 28.770009	28.779	022	023	0000	098	+0.774
09Nov21 14:19:03	 0.20hr	0008	28.779	027	025	0001	100	+3.864
09Nov21 14:19:06	 0.20hr	0009	28.779	022	023	0000	098	+0.833
09Nov21 14:19:06	 0.20hr	0008	28.779	027	025	0001	100	+3.864
09Nov21 14:19:09	 0.20hr	0009	28.779	022	023	0000	098	+0.774
09Nov21 14:19:09	 0.20hr	0008	28.779	027	025	0001	100	+3.806
09Nov21 14:19:12	 0.20hr	0009	28.779	022	023	0000	098	+0.774
09Nov21 14:19:12	 0.20hr	0008	28.779	027	025	0001	100	+3.806
09Nov21 14:19:14	 0.20hr	0009	28.779	022	023	0000	098	+0.714
09Nov21 14:19:14	 0.20hr	0008	28.779	027	025	0001	100	+3.806
09Nov21 14:19:17	 0.21hr	0009	28.779	022	023	0000	098	+0.774
09Nov21 14:19:17	 0.21hr	0008	28.779	027	025	0001	100	+3.806
09Nov21 14:19:20	 0.21hr	0009	28.779	022	023	0000	098	+0.774
09Nov21 14:19:20	 0.21hr	Start ChgCom0008	28.797	027	025	0001	100	+3.864
09Nov21 14:19:22	 0.21hr	0009	28.779	022	023	0000	098	+0.774
09Nov21 14:19:22	 0.21hr	0008	28.779	027	025	0001	100	+3.923
09Nov21 14:19:25	 0.21hr	0009	28.779	022	023	0000	098	+0.774
09Nov21 14:19:25	 0.21hr	0008	28.779	027	025	0001	100	+3.864
09Nov21 14:19:28	 0.21hr	0009	28.779	022	023	0000	098	+0.774
09Nov21 14:19:28	 0.21hr	0008	28.779	027	025	0001	100	+3.864
09Nov21 14:19:31	 0.21hr	0009	28.797	022	023	0000	098	+0.714
09Nov21 14:19:31	 0.21hr	0008	28.779	027	025	0001	100	+3.806
09Nov21 14:19:33	 0.21hr	0009	28.779	022	023	0000	098	+0.774
09Nov21 14:19:33	 0.21hr	0008	28.797	027	025	0001	100	+3.864
09Nov21 14:19:36	 0.21hr	0009	28.779	022	023	0000	098	+0.714
09Nov21 14:19:36	 0.21hr	0008	28.797	027	025	0001	100	+3.806
09Nov21 14:19:39	 0.21hr	0009	28.779	022	023	0000	098	+0.774
09Nov21 14:19:39	 0.21hr	0008	28.779	027	025	0001	100	+3.864
09Nov21 14:19:42	 0.21hr	0009	28.779	022	023	0000	098	+0.774
09Nov21 14:19:42	 0.21hr	ADC: I 3.8640008	28.779	027	025	0001	100	+3.864
09Nov21 14:19:44	 0.21hr	0009	28.779	022	023	0000	098	+0.833
09Nov21 14:19:44	 0.21hr	0008	28.797	027	025	0001	100	+3.864
09Nov21 14:19:47	 0.21hr	0009	28.779	022	023	0000	098	+0.774
09Nov21 14:19:47	 0.21hr	ADC: I 3.864 BT 27 B 28.779 L 28.779 0008	28.797	027	025	0001	100	+3.806
09Nov21 14:19:50	 0.21hr	0009	28.779	022	023	0000	098	+0.774
09Nov21 14:19:50	 0.21hr	0008	28.779	027	025	0001	100	+3.806
09Nov21 14:19:52	 0.22hr	0009	28.779	022	023	0000	098	+0.774
09Nov21 14:19:52	 0.22hr	0008	28.797	027	025	0001	100	+3.864
09Nov21 14:19:55	 0.22hr	0009	28.779	022	023	0000	098	+0.833
09Nov21 14:19:55	 0.22hr	0008	28.779	027	025	0001	100	+3.864
09Nov21 14:19:58	 0.22hr	0009	28.779	022	023	0000	098	+0.774
09Nov21 14:19:58	 0.22hr	0008	28.779	027	025	0001	100	+3.806
09Nov21 14:20:01	 0.22hr	0009	28.779	022	023	0000	098	+0.774
09Nov21 14:20:01	 0.22hr	0008	28.779	027	025	0001	100	+3.864
09Nov21 14:20:03	 0.22hr	0009	28.779	022	023	0000	098	+0.774
09Nov21 14:20:03	 0.22hr	0008	28.779	027	025	0001	100	+3.864
09Nov21 14:20:06	 0.22hr	0009	28.779	022	023	0000	098	+0.833
09Nov21 14:20:06	 0.22hr	0008	28.779	027	025	0001	100	+3.864
09Nov21 14:20:09	 0.22hr	0009	28.779	022	023	0000	098	+0.714
09Nov21 14:20:09	 0.22hr	0008	28.797	027	025	0001	100	+3.864
09Nov21 14:20:12	 0.22hr	0009	28.779	022	023	0000	098	+0.774
09Nov21 14:20:12	 0.22hr	0008	28.779	027	025	0001	100	+3.864
09Nov21 14:20:14	 0.22hr	0009	28.779	022	023	0000	098	+0.774
09Nov21 14:20:14	 0.22hr	0008	28.779	027	025	0001	100	+3.864
09Nov21 14:20:17	 0.22hr	0009	28.779	022	023	0000	098	+0.774
09Nov21 14:20:17	 0.22hr	0008	28.779	027	025	0001	100	+3.864
09Nov21 14:20:20	 0.22hr	0009	28.779	022	023	0000	098	+0.774
09Nov21 14:20:20	 0.22hr	0008	28.779	027	025	0001	100	+3.864
09Nov21 14:20:23	 0.22hr	0009	28.779	022	023	0000	098	+0.833
09Nov21 14:20:23	 0.22hr	0008	28.797	027	025	0001	100	+3.806
09Nov21 14:20:25	 0.22hr	0009	28.779	022	023	0000	098	+0.774
09Nov21 14:20:25	 0.22hr	0008	28.779	027	025	0001	100	+3.806
09Nov21 14:20:28	 0.23hr	0009	28.779	022	023	0000	098	+0.714
09Nov21 14:20:28	 0.23hr	0008	28.797	027	025	0001	100	+3.806
09Nov21 14:20:31	 0.23hr	0009	28.779	022	023	0000	098	+0.774
09Nov21 14:20:31	 0.23hr	0008	28.797	027	025	0001	100	+3.806
09Nov21 14:20:34	 0.23hr	0009	28.779	022	023	0000	098	+0.774
09Nov21 14:20:34	 0.23hr	0008	28.797	027	025	0001	100	+3.747
09Nov21 14:20:36	 0.23hr	0009	28.779	022	023	0000	098	+0.774
09Nov21 14:20:36	 0.23hr	0008	28.797	027	025	0001	100	+3.806
09Nov21 14:20:39	 0.23hr	0009	28.779	022	023	0000	098	+0.774
09Nov21 14:20:39	 0.23hr	0008	28.797	027	025	0001	100	+3.806
09Nov21 14:20:42	 0.23hr	0009	28.779	022	023	0000	098	+0.774
09Nov21 14:20:42	 0.23hr	0008	28.779	027	025	0001	100	+3.806
09Nov21 14:20:45	 0.23hr	0009	28.797	022	023	0000	098	+0.833
09Nov21 14:20:45	 0.23hr	ADC: I 3.800008	28.797	027	025	0001	100	+3.806
09Nov21 14:20:47	 0.23hr	0009	28.779	022	023	0000	098	+0.833
09Nov21 14:20:47	 0.23hr	0008	28.797	027	025	0001	100	+3.806
09Nov21 14:20:50	 0.23hr	0009	28.779	022	023	0000	098	+0.833
09Nov21 14:20:50	 0.23hr	ADC: I 3.860008	28.779	027	025	0001	100	+3.806
09Nov21 14:20:53	 0.23hr	0009	28.779	022	023	0000	098	+0.774
09Nov21 14:20:53	 0.23hr	ADC: I 3.806 BT 27 B 28.770008	28.797	027	025	0001	100	+3.806
09Nov21 14:20:56	 0.23hr	0009	28.779	022	023	0000	098	+0.774
09Nov21 14:20:56	 0.23hr	ADC: I 3.747 BT 27 B 28.779 L 28.779 H 25 SOC 1000008	28.779	027	025	0001	100	+3.806
09Nov21 14:20:58	 0.23hr	0009	28.779	022	023	0000	098	+0.774
09Nov21 14:20:58	 0.23hr	0008	28.779	027	025	0001	100	+3.806
09Nov21 14:21:01	 0.23hr	0009	28.797	022	023	0000	098	+0.774
09Nov21 14:21:01	 0.23hr	0008	28.797	027	025	0001	100	+3.806
09Nov21 14:21:04	 0.23hr	0009	28.779	022	023	0000	098	+0.774
09Nov21 14:21:04	 0.23hr	0008	28.797	027	025	0001	100	+3.806
09Nov21 14:21:07	 0.24hr	0009	28.779	022	023	0000	098	+0.774
09Nov21 14:21:07	 0.24hr	0008	28.797	027	025	0001	100	+3.864
09Nov21 14:21:09	 0.24hr	0009	28.779	022	023	0000	098	+0.774
09Nov21 14:21:09	 0.24hr	0008	28.797	027	025	0001	100	+3.806
09Nov21 14:21:12	 0.24hr	0009	28.779	022	023	0000	098	+0.833
09Nov21 14:21:12	 0.24hr	0008	28.797	027	025	0001	100	+3.806
09Nov21 14:21:15	 0.24hr	0009	28.779	022	023	0000	098	+0.774
09Nov21 14:21:15	 0.24hr	0008	28.779	027	025	0001	100	+3.806
09Nov21 14:21:18	 0.24hr	0009	28.779	022	023	0000	098	+0.774
09Nov21 14:21:18	 0.24hr	0008	28.797	027	025	0001	100	+3.806
09Nov21 14:21:20	 0.24hr	0009	28.779	022	023	0000	098	+0.774
09Nov21 14:21:20	 0.24hr	0008	28.779	027	025	0001	100	+3.806
09Nov21 14:21:23	 0.24hr	0009	28.779	022	023	0000	098	+0.774
09Nov21 14:21:23	 0.24hr	ADC: I 3.747 BT 27 B 28.790008	28.797	027	025	0001	100	+3.747
09Nov21 14:21:26	 0.24hr	0009	28.779	022	023	0000	098	+0.833
09Nov21 14:21:26	 0.24hr	0008	28.779	027	025	0001	100	+3.806
09Nov21 14:21:29	 0.24hr	0009	28.779	022	023	0000	098	+0.833
09Nov21 14:21:29	 0.24hr	0008	28.797	027	025	0001	100	+3.747
09Nov21 14:21:31	 0.24hr	0009	28.779	022	023	0000	098	+0.774
09Nov21 14:21:31	 0.24hr	0008	28.779	027	025	0001	100	+3.747
09Nov21 14:21:34	 0.24hr	0009	28.797	022	023	0000	098	+0.774
09Nov21 14:21:34	 0.24hr	0008	28.797	027	025	0001	100	+3.806
09Nov21 14:21:37	 0.24hr	0009	28.779	022	023	0000	098	+0.774
09Nov21 14:21:37	 0.24hr	0008	28.779	027	025	0001	100	+3.806
09Nov21 14:21:40	 0.24hr	0009	28.779	022	023	0000	098	+0.774
09Nov21 14:21:40	 0.24hr	0008	28.779	027	025	0001	100	+3.806
09Nov21 14:21:42	 0.25hr	0009	28.797	022	023	0000	098	+0.774
09Nov21 14:21:42	 0.25hr	0008	28.797	027	025	0001	100	+3.806
09Nov21 14:21:45	 0.25hr	0009	28.779	022	023	0000	098	+0.774
09Nov21 14:21:45	 0.25hr	0008	28.797	027	025	0001	100	+3.806
09Nov21 14:21:48	 0.25hr	0009	28.779	022	023	0000	098	+0.774
09Nov21 14:21:48	 0.25hr	0008	28.779	027	025	0001	100	+3.806
09Nov21 14:21:51	 0.25hr	0009	28.779	022	023	0000	098	+0.774
09Nov21 14:21:51	 0.25hr	0008	28.779	027	025	0001	100	+3.806Start ChgComp
09Nov21 14:21:53	 0.25hr	0009	28.779	022	023	0000	098	+0.774
09Nov21 14:21:53	 0.25hr	0008	28.779	027	025	0001	100	+3.747
09Nov21 14:21:56	 0.25hr	0009	28.797	022	023	0000	098	+0.774
09Nov21 14:21:56	 0.25hr	0008	28.797	027	025	0001	100	+3.806
09Nov21 14:21:59	 0.25hr	0009	28.779	022	023	0000	098	+0.774
09Nov21 14:21:59	 0.25hr	0008	28.797	027	025	0001	100	+3.747
09Nov21 14:22:02	 0.25hr	0009	28.779	022	023	0000	098	+0.833
09Nov21 14:22:02	 0.25hr	0008	28.797	027	025	0001	100	+3.689
09Nov21 14:22:04	 0.25hr	0009	28.797	022	023	0000	098	+0.774
09Nov21 14:22:04	 0.25hr	0008	28.797	027	025	0001	100	+3.747
09Nov21 14:22:07	 0.25hr	0009	28.779	022	023	0000	098	+0.833
09Nov21 14:22:07	 0.25hr	ADC: I 3.740008	28.797	027	025	0001	100	+3.806
09Nov21 14:22:10	 0.25hr	0009	28.779	022	023	0000	098	+0.833
09Nov21 14:22:10	 0.25hr	ADC: I 3.747 BT 27 B 28.770008	28.797	027	025	0001	100	+3.806
09Nov21 14:22:13	 0.25hr	0009	28.797	022	023	0000	098	+0.774
09Nov21 14:22:13	 0.25hr	0008	28.797	027	025	0001	100	+3.806
09Nov21 14:22:15	 0.25hr	0009	28.779	022	023	0000	098	+0.833
09Nov21 14:22:15	 0.25hr	0008	28.797	027	025	0001	100	+3.806
09Nov21 14:22:18	 0.26hr	0009	28.797	022	023	0000	098	+0.774
09Nov21 14:22:18	 0.26hr	0008	28.797	027	025	0001	100	+3.747
09Nov21 14:22:21	 0.26hr	0009	28.779	022	023	0000	098	+0.774
09Nov21 14:22:21	 0.26hr	0008	28.797	027	025	0001	100	+3.747
09Nov21 14:22:24	 0.26hr	0009	28.779	022	023	0000	098	+0.774
09Nov21 14:22:24	 0.26hr	0008	28.797	027	025	0001	100	+3.747
09Nov21 14:22:26	 0.26hr	0009	28.779	022	023	0000	098	+0.774
09Nov21 14:22:26	 0.26hr	0008	28.797	027	025	0001	100	+3.747
09Nov21 14:22:29	 0.26hr	ADC: I 0.833 BT 22 B 28.770009	28.797	022	023	0000	098	+0.833
09Nov21 14:22:29	 0.26hr	0008	28.797	027	025	0001	100	+3.747
09Nov21 14:22:32	 0.26hr	0009	28.779	022	023	0000	098	+0.774
09Nov21 14:22:32	 0.26hr	0008	28.797	027	025	0001	100	+3.747
09Nov21 14:22:34	 0.26hr	ADC: I 0.774 BT 22 B 28.779 L 28.546 H 20009	28.779	022	023	0000	098	+0.774
09Nov21 14:22:34	 0.26hr	0008	28.797	027	025	0001	100	+3.747
09Nov21 14:22:37	 0.26hr	ADC: I 0.774 BT 22 B 28.770009	28.779	022	023	0000	098	+0.774
09Nov21 14:22:37	 0.26hr	ADC: I 3.806 BT 27 B 28.797 L 28.779 H 25 SOC 10008	28.797	027	025	0001	100	+3.806
09Nov21 14:22:40	 0.26hr	0009	28.797	022	023	0000	098	+0.833
09Nov21 14:22:40	 0.26hr	0008	28.797	027	025	0001	100	+3.806
09Nov21 14:22:43	 0.26hr	00009	28.779	022	023	0000	098	+0.833
09Nov21 14:22:43	 0.26hr	ADC: I 3.689 BT 27 B 28.790008	28.797	027	025	0001	100	+3.747
09Nov21 14:22:45	 0.26hr	0009	28.779	022	023	0000	098	+0.774
09Nov21 14:22:45	 0.26hr	0008	28.779	027	025	0001	100	+3.747
09Nov21 14:22:48	 0.26hr	St0009	28.779	022	023	0000	098	+0.774
09Nov21 14:22:48	 0.26hr	0008	28.797	027	025	0001	100	+3.747
09Nov21 14:22:51	 0.26hr	ADC: I 0.833 BT 22 B 28.770009	28.779	022	023	0000	098	+0.774
09Nov21 14:22:51	 0.26hr	0008	28.797	027	025	0001	100	+3.747
09Nov21 14:22:54	 0.27hr	0009	28.779	022	023	0000	098	+0.774
09Nov21 14:22:54	 0.27hr	0008	28.797	027	025	0001	100	+3.747
09Nov21 14:22:56	 0.27hr	0009	28.779	022	023	0000	098	+0.833
09Nov21 14:22:56	 0.27hr	0008	28.797	028	025	0001	100	+3.689
09Nov21 14:22:59	 0.27hr	0009	28.797	022	023	0000	098	+0.833
09Nov21 14:22:59	 0.27hr	0008	28.797	028	025	0001	100	+3.747
09Nov21 14:23:02	 0.27hr	00009	28.797	022	023	0000	098	+0.833
09Nov21 14:23:02	 0.27hr	0008	28.797	028	025	0001	100	+3.806
09Nov21 14:23:05	 0.27hr	0009	28.779	022	023	0000	098	+0.833
09Nov21 14:23:05	 0.27hr	0008	28.797	027	025	0001	100	+3.747
09Nov21 14:23:07	 0.27hr	0009	28.779	022	023	0000	098	+0.833
09Nov21 14:23:07	 0.27hr	0008	28.797	028	025	0001	100	+3.689
09Nov21 14:23:10	 0.27hr	0009	28.779	022	023	0000	098	+0.833
09Nov21 14:23:10	 0.27hr	0008	28.797	028	025	0001	100	+3.747
09Nov21 14:23:13	 0.27hr	0009	28.779	022	023	0000	098	+0.774
09Nov21 14:23:13	 0.27hr	0008	28.797	028	025	0001	100	+3.689
09Nov21 14:23:16	 0.27hr	0009	28.779	022	023	0000	098	+0.833
09Nov21 14:23:16	 0.27hr	0008	28.797	028	025	0001	100	+3.689
09Nov21 14:23:18	 0.27hr	0009	28.779	022	023	0000	098	+0.893
09Nov21 14:23:18	 0.27hr	0008	28.797	028	025	0001	100	+3.689
09Nov21 14:23:21	 0.27hr	0009	28.779	022	023	0000	098	+0.833
09Nov21 14:23:21	 0.27hr	0008	28.815	028	025	0001	100	+3.689
09Nov21 14:23:24	 0.27hr	0009	28.779	022	023	0000	098	+0.833
09Nov21 14:23:24	 0.27hr	0008	28.797	028	025	0001	100	+3.747
09Nov21 14:23:27	 0.27hr	0009	28.779	022	023	0000	098	+0.774
09Nov21 14:23:27	 0.27hr	0008	28.797	028	025	0001	100	+3.689
09Nov21 14:23:29	 0.28hr	00009	28.779	022	023	0000	098	+0.893
09Nov21 14:23:29	 0.28hr	0008	28.797	028	025	0001	100	+3.747
09Nov21 14:23:32	 0.28hr	0009	28.797	022	023	0000	098	+0.833
09Nov21 14:23:32	 0.28hr	0008	28.797	028	025	0001	100	+3.747
09Nov21 14:23:35	 0.28hr	ADC: I 0.833 B0009	28.779	022	023	0000	098	+0.833
09Nov21 14:23:35	 0.28hr	0008	28.797	028	025	0001	100	+3.747
09Nov21 14:23:38	 0.28hr	ADC: I 0.893 BT 22 B 28.770009	28.797	022	023	0000	098	+0.833
09Nov21 14:23:38	 0.28hr	ADC: I 3.689 BT 28 B 28.797 L 28.797 0008	28.797	028	025	0001	100	+3.747
09Nov21 14:23:40	 0.28hr	ADC: I 0.833 BT 22 B 28.790009	28.797	022	023	0000	098	+0.833
09Nov21 14:23:40	 0.28hr	0008	28.797	028	025	0001	100	+3.689
09Nov21 14:23:43	 0.28hr	ADC: I 0.833 BT 22 B 28.790009	28.797	022	023	0000	098	+0.833
09Nov21 14:23:43	 0.28hr	0008	28.797	028	025	0001	100	+3.747
09Nov21 14:23:46	 0.28hr	0009	28.779	022	023	0000	098	+0.893
09Nov21 14:23:46	 0.28hr	0008	28.797	028	025	0001	100	+3.747
09Nov21 14:23:49	 0.28hr	00009	28.779	022	023	0000	098	+0.833
09Nov21 14:23:49	 0.28hr	0008	28.797	028	025	0001	100	+3.747
09Nov21 14:23:51	 0.28hr	ADC: I 0.833 BT 22 B 28.790009	28.797	022	023	0000	098	+0.893
09Nov21 14:23:51	 0.28hr	0008	28.797	028	025	0001	100	+3.689
09Nov21 14:23:54	 0.28hr	ADC: I 0.893 BT 22 B 28.790009	28.779	022	023	0000	098	+0.893
09Nov21 14:23:54	 0.28hr	0008	28.797	028	025	0001	100	+3.747
09Nov21 14:23:57	 0.28hr	0009	28.797	022	023	0000	098	+0.893
09Nov21 14:23:57	 0.28hr	0008	28.797	028	025	0001	100	+3.689
09Nov21 14:24:00	 0.28hr	ADC: I 0.833 BT 22 B 28.797 L 28.564 H 20009	28.797	022	023	0000	098	+0.893
09Nov21 14:24:00	 0.28hr	0008	28.797	028	025	0001	100	+3.747
09Nov21 14:24:02	 0.28hr	0009	28.779	022	023	0000	098	+0.893
09Nov21 14:24:02	 0.28hr	ADC: I 3.747 BT 28 B 20008	28.797	028	025	0001	100	+3.689
09Nov21 14:24:05	 0.29hr	ADC: I 0.893 B0009	28.797	022	023	0000	098	+0.893
09Nov21 14:24:05	 0.29hr	0008	28.815	028	025	0001	100	+3.747
09Nov21 14:24:08	 0.29hr	ADC: I 0.893 BT 22 B 28.790009	28.797	022	023	0000	098	+0.952
09Nov21 14:24:08	 0.29hr	0008	28.815	028	025	0001	100	+3.747
09Nov21 14:24:11	 0.29hr	ADC: I 0.893 BT 22 B 28.790009	28.797	022	023	0000	098	+0.833
09Nov21 14:24:11	 0.29hr	0008	28.797	028	025	0001	100	+3.689
09Nov21 14:24:13	 0.29hr	ADC: I 0.893 BT 22 B 28.790009	28.797	022	023	0000	098	+0.893
09Nov21 14:24:13	 0.29hr	0008	28.797	028	025	0001	100	+3.747
09Nov21 14:24:16	 0.29hr	0009	28.779	022	023	0000	098	+0.893
09Nov21 14:24:16	 0.29hr	0008	28.815	028	025	0001	100	+3.689
09Nov21 14:24:19	 0.29hr	0009	28.797	022	023	0000	098	+0.893
09Nov21 14:24:19	 0.29hr	0008	28.797	028	025	0001	100	+3.689
09Nov21 14:24:22	 0.29hr	0009	28.797	022	023	0000	098	+0.893
09Nov21 14:24:22	 0.29hr	ADC: I 3.689 BT 28 B 28.797 L 28.790008	28.797	028	025	0001	100	+3.689
09Nov21 14:24:24	 0.29hr	0009	28.797	022	023	0000	098	+0.893
09Nov21 14:24:24	 0.29hr	0008	28.797	028	025	0001	100	+3.689
09Nov21 14:24:27	 0.29hr	0009	28.779	022	023	0000	098	+0.893
09Nov21 14:24:27	 0.29hr	0008	28.797	028	025	0001	100	+3.689
09Nov21 14:24:30	 0.29hr	0009	28.797	022	023	0000	098	+0.893
09Nov21 14:24:30	 0.29hr	0008	28.797	028	025	0001	100	+3.689
09Nov21 14:24:33	 0.29hr	0009	28.779	022	023	0000	098	+0.893
09Nov21 14:24:33	 0.29hr	0008	28.797	028	025	0001	100	+3.747
09Nov21 14:24:35	 0.29hr	0009	28.797	022	023	0000	098	+0.893
09Nov21 14:24:35	 0.29hr	0008	28.797	028	025	0001	100	+3.747
09Nov21 14:24:38	 0.29hr	0009	28.797	022	023	0000	098	+0.893
09Nov21 14:24:38	 0.29hr	0008	28.815	028	025	0001	100	+3.689
09Nov21 14:24:41	 0.30hr	0009	28.779	022	023	0000	098	+0.893
09Nov21 14:24:41	 0.30hr	ADC: I 3.680008	28.815	028	025	0001	100	+3.689
09Nov21 14:24:44	 0.30hr	0009	28.779	022	023	0000	098	+0.893
09Nov21 14:24:44	 0.30hr	0008	28.815	028	025	0001	100	+3.689
09Nov21 14:24:46	 0.30hr	0009	28.797	022	023	0000	098	+0.893
09Nov21 14:24:46	 0.30hr	0008	28.797	028	025	0001	100	+3.689
09Nov21 14:24:49	 0.30hr	0009	28.797	022	023	0000	098	+0.893
09Nov21 14:24:49	 0.30hr	0008	28.797	028	025	0001	100	+3.689
09Nov21 14:24:52	 0.30hr	0009	28.797	022	023	0000	098	+0.893
09Nov21 14:24:52	 0.30hr	0008	28.797	028	025	0001	100	+3.689ADC: I 3.689 BT 28 B 28.797 L 28.797 H 25 SOC 100
09Nov21 14:24:55	 0.30hr	0009	28.797	022	023	0000	098	+0.893
09Nov21 14:24:55	 0.30hr	0008	28.797	028	025	0001	100	+3.689
09Nov21 14:24:57	 0.30hr	0009	28.797	022	023	0000	098	+0.952
09Nov21 14:24:57	 0.30hr	0008	28.797	028	025	0001	100	+3.689
09Nov21 14:25:00	 0.30hr	0009	28.797	022	023	0000	098	+0.893
09Nov21 14:25:00	 0.30hr	0008	28.797	028	025	0001	100	+3.689
09Nov21 14:25:03	 0.30hr	0009	28.797	022	023	0000	098	+0.893
09Nov21 14:25:03	 0.30hr	0008	28.797	028	025	0001	100	+3.630
09Nov21 14:25:06	 0.30hr	0009	28.797	022	023	0000	098	+0.893
09Nov21 14:25:06	 0.30hr	0008	28.815	028	025	0001	100	+3.747
09Nov21 14:25:08	 0.30hr	0009	28.797	022	023	0000	098	+0.893
09Nov21 14:25:08	 0.30hr	0008	28.797	028	025	0001	100	+3.747
09Nov21 14:25:11	 0.30hr	ADC: I 00009	28.797	022	023	0000	098	+0.893
09Nov21 14:25:11	 0.30hr	0008	28.797	028	025	0001	100	+3.689
09Nov21 14:25:14	 0.30hr	0009	28.797	022	023	0000	098	+0.893
09Nov21 14:25:14	 0.30hr	0008	28.815	028	025	0001	100	+3.ADC: I 3.747 BT 28 B 28.797 L 28.797 H 25 SOC 100
09Nov21 14:25:17	 0.31hr	0009	28.797	022	023	0000	098	+0.893
09Nov21 14:25:17	 0.31hr	0008	28.797	028	025	0001	100	+3.689
09Nov21 14:25:19	 0.31hr	0009	28.779	022	023	0000	098	+0.893
09Nov21 14:25:19	 0.31hr	0008	28.815	028	025	0001	100	+3.689
09Nov21 14:25:22	 0.31hr	0009	28.797	022	023	0000	098	+0.952
09Nov21 14:25:22	 0.31hr	ADC: I 3.689 BT 28 B 28.790008	28.815	028	025	0001	100	+3.689
09Nov21 14:25:25	 0.31hr	0009	28.797	022	023	0000	098	+0.952
09Nov21 14:25:25	 0.31hr	0008	28.797	028	025	0001	100	+3.689
09Nov21 14:25:28	 0.31hr	ADC: I 0.893 BT 220009	28.797	022	023	0000	098	+0.893
09Nov21 14:25:28	 0.31hr	0008	28.815	028	025	0001	100	+3.747
09Nov21 14:25:30	 0.31hr	0009	28.797	022	023	0000	098	+0.893
09Nov21 14:25:30	 0.31hr	0008	28.815	028	025	0001	100	+3.689
09Nov21 14:25:33	 0.31hr	00009	28.797	022	023	0000	098	+0.893
09Nov21 14:25:33	 0.31hr	0008	28.797	028	025	0001	100	+3.689
09Nov21 14:25:36	 0.31hr	0009	28.797	022	023	0000	098	+0.952
09Nov21 14:25:36	 0.31hr	0008	28.797	028	025	0001	100	+3.689
09Nov21 14:25:39	 0.31hr	0009	28.797	022	023	0000	098	+0.893
09Nov21 14:25:39	 0.31hr	0008	28.797	028	025	0001	100	+3.689
09Nov21 14:25:41	 0.31hr	0009	28.797	022	023	0000	098	+0.893
09Nov21 14:25:41	 0.31hr	0008	28.815	028	025	0001	100	+3.630
09Nov21 14:25:44	 0.31hr	0009	28.797	022	023	0000	098	+0.893
09Nov21 14:25:44	 0.31hr	0008	28.815	028	025	0001	100	+3.689
09Nov21 14:25:47	 0.31hr	ADC: I 0.952 BT 22 B 28.790009	28.797	022	023	0000	098	+0.893
09Nov21 14:25:47	 0.31hr	0008	28.797	028	025	0001	100	+3.6Start ChgComp
09Nov21 14:25:50	 0.31hr	0009	28.797	022	023	0000	098	+0.952
09Nov21 14:25:50	 0.31hr	0008	28.797	028	025	0001	100	+3.747
09Nov21 14:25:52	 0.32hr	0009	28.797	022	023	0000	098	+0.893
09Nov21 14:25:52	 0.32hr	0008	28.797	028	025	0001	100	+3.689
09Nov21 14:25:55	 0.32hr	0009	28.797	022	023	0000	098	+0.893
09Nov21 14:25:55	 0.32hr	ADC: I 3.680008	28.797	028	025	0001	100	+3.689
09Nov21 14:25:58	 0.32hr	0000009	28.797	022	023	0000	098	+0.893
09Nov21 14:25:58	 0.32hr	ADC: I 3.689 BT 28 B 28.810008	28.815	028	025	0001	100	+3.689
09Nov21 14:26:01	 0.32hr	0009	28.797	022	023	0000	098	+0.893
09Nov21 14:26:01	 0.32hr	0008	28.815	028	025	0001	100	+3.689
09Nov21 14:26:03	 0.32hr	ADC: I 0.893 BT 22 B 28.797 L 28.564 H 20009	28.797	022	023	0000	098	+0.893
09Nov21 14:26:03	 0.32hr	0008	28.815	028	025	0001	100	+3.689
09Nov21 14:26:06	 0.32hr	0009	28.797	022	023	0000	098	+0.893
09Nov21 14:26:06	 0.32hr	0008	28.815	028	025	0001	100	+3.689
09Nov21 14:26:09	 0.32hr	0009	28.797	022	023	0000	098	+0.893
09Nov21 14:26:09	 0.32hr	0008	28.797	028	025	0001	100	+3.689
09Nov21 14:26:12	 0.32hr	0009	28.797	022	023	0000	098	+0.952
09Nov21 14:26:12	 0.32hr	0008	28.815	028	025	0001	100	+3.689
09Nov21 14:26:14	 0.32hr	0009	28.797	022	023	0000	098	+0.893
09Nov21 14:26:14	 0.32hr	0008	28.815	028	025	0001	100	+3.689
09Nov21 14:26:17	 0.32hr	0009	28.797	022	023	0000	098	+0.893
09Nov21 14:26:17	 0.32hr	0008	28.815	028	025	0001	100	+3.689
09Nov21 14:26:20	 0.32hr	0009	28.797	022	023	0000	098	+0.893
09Nov21 14:26:20	 0.32hr	0008	28.815	028	025	0001	100	+3.689
09Nov21 14:26:23	 0.32hr	0009	28.797	022	023	0000	098	+0.952
09Nov21 14:26:23	 0.32hr	ADC: I 3.740008	28.797	028	025	0001	100	+3.630
