Time	Sim Time	ID	Voltage	Bat Temp[C]	HeatSink Temp[C]	Status	SOC	Current
09Nov21 14:39:03	 0.00hr	0009	28.779	023	023	0000	099	-0.179
09Nov21 14:39:03	 0.00hr	0008	28.779	026	025	0000	099	-0.059
09Nov21 14:39:06	 0.00hr	0009	28.779	023	023	0000	099	+1.131
09Nov21 14:39:06	 0.00hr	0008	28.797	026	026	0000	099	+3.337
09Nov21 14:39:09	 0.00hr	0009	28.797	023	023	0000	099	+1.250
09Nov21 14:39:09	 0.00hr	0008	28.815	026	025	0000	099	+3.513
09Nov21 14:39:12	 0.00hr	0009	28.797	023	023	0000	099	+1.190
09Nov21 14:39:12	 0.00hr	0008	28.815	026	025	0000	099	+3.513
09Nov21 14:39:14	 0.00hr	0009	28.797	023	023	0000	099	+1.250
09Nov21 14:39:14	 0.00hr	0008	28.815	026	026	0000	099	+3.396
09Nov21 14:39:17	 0.00hr	0009	28.797	023	023	0000	099	+1.190
09Nov21 14:39:17	 0.00hr	0008	28.815	026	025	0000	099	+3.396
09Nov21 14:39:20	 0.00hr	0009	28.797	023	023	0000	100	+1.190
09Nov21 14:39:20	 0.00hr	0008	28.815	026	026	0000	100	+3.454
09Nov21 14:39:23	 0.01hr	0009	28.797	023	023	0000	100	+1.250
09Nov21 14:39:23	 0.01hr	0008	28.815	026	025	0000	100	+3.396
09Nov21 14:39:25	 0.01hr	0009	28.779	023	023	0001	100	+1.190
09Nov21 14:39:25	 0.01hr	0008	28.815	026	026	0001	100	+3.396
09Nov21 14:39:28	 0.01hr	0009	28.779	023	023	0001	100	+1.250
09Nov21 14:39:28	 0.01hr	0008	28.815	026	026	0001	100	+3.337
09Nov21 14:39:31	 0.01hr	0009	28.797	023	023	0001	100	+1.250
09Nov21 14:39:31	 0.01hr	0008	28.815	026	026	0001	100	+3.454
09Nov21 14:39:34	 0.01hr	0009	28.779	023	023	0001	100	+1.250
09Nov21 14:39:34	 0.01hr	0008	28.815	026	026	0001	100	+3.396
09Nov21 14:39:36	 0.01hr	0009	28.779	023	023	0001	100	+1.250
09Nov21 14:39:36	 0.01hr	0008	28.815	026	026	0001	100	+3.337
09Nov21 14:39:39	 0.01hr	0009	28.797	023	023	0001	100	+1.250
09Nov21 14:39:39	 0.01hr	0008	28.815	026	026	0001	100	+3.396
09Nov21 14:39:42	 0.01hr	0009	28.779	023	023	0001	100	+1.250
09Nov21 14:39:42	 0.01hr	0008	28.815	026	026	0001	100	+3.396
09Nov21 14:39:44	 0.01hr	0009	28.779	023	023	0001	100	+1.250
09Nov21 14:39:44	 0.01hr	0008	28.815	026	025	0001	100	+3.337
09Nov21 14:39:47	 0.01hr	0009	28.779	023	023	0001	100	+1.190
09Nov21 14:39:47	 0.01hr	0008	28.815	026	025	0001	100	+3.396
09Nov21 14:39:50	 0.01hr	0009	28.797	023	023	0001	100	+1.250
09Nov21 14:39:50	 0.01hr	0008	28.815	026	026	0001	100	+3.337
09Nov21 14:39:53	 0.01hr	0009	28.797	023	023	0001	100	+1.250
09Nov21 14:39:53	 0.01hr	0008	28.815	026	026	0001	100	+3.337
09Nov21 14:39:55	 0.01hr	0009	28.779	023	023	0001	100	+1.250
09Nov21 14:39:55	 0.01hr	0008	28.815	026	026	0001	100	+3.396
09Nov21 14:39:58	 0.02hr	0009	28.797	023	023	0001	100	+1.190
09Nov21 14:39:58	 0.02hr	0008	28.815	026	026	0001	100	+3.337
09Nov21 14:40:01	 0.02hr	0009	28.779	023	023	0001	100	+1.190
09Nov21 14:40:01	 0.02hr	0008	28.815	026	026	0001	100	+3.337
09Nov21 14:40:04	 0.02hr	0009	28.779	023	023	0001	100	+1.250
09Nov21 14:40:04	 0.02hr	0008	28.815	026	025	0001	100	+3.396
09Nov21 14:40:06	 0.02hr	0009	28.779	023	023	0001	100	+1.250
09Nov21 14:40:06	 0.02hr	0008	28.815	026	025	0001	100	+3.396
09Nov21 14:40:09	 0.02hr	0009	28.797	023	023	0001	100	+1.250
09Nov21 14:40:09	 0.02hr	0008	28.815	026	025	0001	100	+3.337
09Nov21 14:40:12	 0.02hr	0009	28.797	024	023	0001	100	+1.310
09Nov21 14:40:12	 0.02hr	0008	28.815	026	026	0001	100	+3.337
09Nov21 14:40:15	 0.02hr	0009	28.779	023	023	0001	100	+1.250
09Nov21 14:40:15	 0.02hr	0008	28.815	026	026	0001	100	+3.337
09Nov21 14:40:17	 0.02hr	0009	28.797	023	023	0001	100	+1.250
09Nov21 14:40:17	 0.02hr	0008	28.815	026	026	0001	100	+3.396
09Nov21 14:40:20	 0.02hr	0009	28.797	024	023	0001	100	+1.250
09Nov21 14:40:20	 0.02hr	0008	28.815	026	025	0001	100	+3.396
09Nov21 14:40:23	 0.02hr	0009	28.797	024	023	0001	100	+1.250
09Nov21 14:40:23	 0.02hr	0008	28.815	026	026	0001	100	+3.337
09Nov21 14:40:26	 0.02hr	0009	28.779	024	023	0001	100	+1.250
09Nov21 14:40:26	 0.02hr	0008	28.815	026	025	0001	100	+3.337
09Nov21 14:40:28	 0.02hr	0009	28.779	024	023	0001	100	+1.250
09Nov21 14:40:28	 0.02hr	0008	28.815	026	025	0001	100	+3.396
09Nov21 14:40:31	 0.02hr	0009	28.779	024	023	0001	100	+1.250
09Nov21 14:40:31	 0.02hr	0008	28.815	026	026	0001	100	+3.337
09Nov21 14:40:34	 0.03hr	0009	28.779	024	023	0001	100	+1.250
09Nov21 14:40:34	 0.03hr	0008	28.815	026	025	0001	100	+3.337
09Nov21 14:40:36	 0.03hr	0009	28.779	024	023	0001	100	+1.250
09Nov21 14:40:36	 0.03hr	0008	28.815	026	025	0001	100	+3.337
09Nov21 14:40:39	 0.03hr	0009	28.797	024	023	0001	100	+1.250
09Nov21 14:40:39	 0.03hr	0008	28.815	026	026	0001	100	+3.337
09Nov21 14:40:42	 0.03hr	0009	28.797	024	023	0001	100	+1.250
09Nov21 14:40:42	 0.03hr	0008	28.815	026	026	0001	100	+3.279
09Nov21 14:40:45	 0.03hr	0009	28.779	024	023	0001	100	+1.250
09Nov21 14:40:45	 0.03hr	0008	28.815	026	025	0001	100	+3.337
09Nov21 14:40:47	 0.03hr	0009	28.797	024	023	0001	100	+1.250
09Nov21 14:40:47	 0.03hr	0008	28.815	026	025	0001	100	+3.337
09Nov21 14:40:50	 0.03hr	0009	28.797	024	023	0001	100	+1.250
09Nov21 14:40:50	 0.03hr	0008	28.815	026	025	0001	100	+3.337
09Nov21 14:40:53	 0.03hr	0009	28.779	024	023	0001	100	+1.310
09Nov21 14:40:53	 0.03hr	0008	28.834	026	025	0001	100	+3.337
09Nov21 14:40:56	 0.03hr	0009	28.797	024	023	0001	100	+1.310
09Nov21 14:40:56	 0.03hr	0008	28.815	026	025	0001	100	+3.337
09Nov21 14:40:58	 0.03hr	0009	28.797	024	023	0001	100	+1.250
09Nov21 14:40:58	 0.03hr	0008	28.834	026	026	0001	100	+3.279
09Nov21 14:41:01	 0.03hr	0009	28.779	024	023	0001	100	+1.250
09Nov21 14:41:01	 0.03hr	0008	28.815	026	026	0001	100	+3.337
09Nov21 14:41:04	 0.03hr	0009	28.779	024	023	0001	100	+1.310
09Nov21 14:41:04	 0.03hr	0008	28.815	026	025	0001	100	+3.337
09Nov21 14:41:07	 0.03hr	0009	28.797	024	023	0001	100	+1.250
09Nov21 14:41:07	 0.03hr	0008	28.815	026	026	0001	100	+3.337
09Nov21 14:41:09	 0.04hr	0009	28.797	024	023	0001	100	+1.310
09Nov21 14:41:09	 0.04hr	0008	28.834	026	026	0001	100	+3.279
09Nov21 14:41:12	 0.04hr	0009	28.797	024	023	0001	100	+1.310
09Nov21 14:41:12	 0.04hr	0008	28.815	026	026	0001	100	+3.337
09Nov21 14:41:15	 0.04hr	0009	28.779	024	023	0001	100	+1.250
09Nov21 14:41:15	 0.04hr	0008	28.815	026	025	0001	100	+3.337
09Nov21 14:41:18	 0.04hr	0009	28.797	024	023	0001	100	+1.310
09Nov21 14:41:18	 0.04hr	0008	28.815	026	026	0001	100	+3.279
09Nov21 14:41:20	 0.04hr	0009	28.779	024	023	0001	100	+1.310
09Nov21 14:41:20	 0.04hr	0008	28.834	026	025	0001	100	+3.337
09Nov21 14:41:23	 0.04hr	0009	28.797	024	023	0001	100	+1.310
09Nov21 14:41:23	 0.04hr	0008	28.815	026	025	0001	100	+3.279
09Nov21 14:41:26	 0.04hr	0009	28.797	024	023	0001	100	+1.310
09Nov21 14:41:26	 0.04hr	0008	28.815	026	026	0001	100	+3.337
09Nov21 14:41:29	 0.04hr	0009	28.797	024	023	0001	100	+1.310
09Nov21 14:41:29	 0.04hr	0008	28.815	026	025	0001	100	+3.337
09Nov21 14:41:31	 0.04hr	0009	28.797	024	023	0001	100	+1.310
09Nov21 14:41:31	 0.04hr	0008	28.815	026	025	0001	100	+3.337
09Nov21 14:41:34	 0.04hr	0009	28.797	024	023	0001	100	+1.310
09Nov21 14:41:34	 0.04hr	0008	28.815	026	025	0001	100	+3.279
09Nov21 14:41:37	 0.04hr	0009	28.779	024	023	0001	100	+1.250
09Nov21 14:41:37	 0.04hr	0008	28.834	026	025	0001	100	+3.337
09Nov21 14:41:40	 0.04hr	0009	28.797	024	023	0001	100	+1.310
09Nov21 14:41:40	 0.04hr	0008	28.815	026	025	0001	100	+3.337
09Nov21 14:41:42	 0.04hr	0009	28.797	024	023	0001	100	+1.310
09Nov21 14:41:42	 0.04hr	0008	28.815	026	025	0001	100	+3.279
09Nov21 14:41:45	 0.04hr	0009	28.797	024	023	0001	100	+1.310
09Nov21 14:41:45	 0.04hr	0008	28.815	026	025	0001	100	+3.337
09Nov21 14:41:48	 0.05hr	0009	28.779	024	023	0001	100	+1.310
09Nov21 14:41:48	 0.05hr	0008	28.815	026	026	0001	100	+3.337
09Nov21 14:41:51	 0.05hr	0009	28.797	024	023	0001	100	+1.310
09Nov21 14:41:51	 0.05hr	0008	28.815	026	026	0001	100	+3.337
09Nov21 14:41:53	 0.05hr	0009	28.797	024	023	0001	100	+1.250
09Nov21 14:41:53	 0.05hr	0008	28.834	026	025	0001	100	+3.337
09Nov21 14:41:56	 0.05hr	0009	28.797	024	023	0001	100	+1.250
09Nov21 14:41:56	 0.05hr	0008	28.834	026	025	0001	100	+3.279
09Nov21 14:41:59	 0.05hr	0009	28.797	024	023	0001	100	+1.250
09Nov21 14:41:59	 0.05hr	0008	28.815	026	026	0001	100	+3.279
09Nov21 14:42:02	 0.05hr	0009	28.797	024	023	0001	100	+1.250
09Nov21 14:42:02	 0.05hr	0008	28.815	026	025	0001	100	+3.337
09Nov21 14:42:04	 0.05hr	0009	28.779	024	023	0001	100	+1.250
09Nov21 14:42:04	 0.05hr	0008	28.834	026	025	0001	100	+3.337
09Nov21 14:42:07	 0.05hr	0009	28.797	024	023	0001	100	+1.250
09Nov21 14:42:07	 0.05hr	0008	28.815	026	026	0001	100	+3.279
09Nov21 14:42:10	 0.05hr	0009	28.779	024	023	0001	100	+1.310
09Nov21 14:42:10	 0.05hr	0008	28.815	026	026	0001	100	+3.279
09Nov21 14:42:13	 0.05hr	0009	28.797	024	023	0001	100	+1.310
09Nov21 14:42:13	 0.05hr	0008	28.815	026	025	0001	100	+3.337
09Nov21 14:42:15	 0.05hr	0009	28.797	024	023	0001	100	+1.310
09Nov21 14:42:15	 0.05hr	0008	28.815	026	026	0001	100	+3.337
09Nov21 14:42:18	 0.05hr	0009	28.797	024	023	0001	100	+1.310
09Nov21 14:42:18	 0.05hr	0008	28.834	026	025	0001	100	+3.279
09Nov21 14:42:21	 0.05hr	0009	28.797	024	023	0001	100	+1.250
09Nov21 14:42:21	 0.05hr	0008	28.834	026	025	0001	100	+3.279
09Nov21 14:42:24	 0.06hr	0009	28.779	024	023	0001	100	+1.310
09Nov21 14:42:24	 0.06hr	0008	28.815	026	025	0001	100	+3.279
09Nov21 14:42:26	 0.06hr	0009	28.797	024	023	0001	100	+1.310
09Nov21 14:42:26	 0.06hr	0008	28.834	026	026	0001	100	+3.279
09Nov21 14:42:29	 0.06hr	0009	28.797	024	023	0001	100	+1.310
09Nov21 14:42:29	 0.06hr	0008	28.815	026	025	0001	100	+3.337
09Nov21 14:42:32	 0.06hr	0009	28.797	024	023	0001	100	+1.310
09Nov21 14:42:32	 0.06hr	0008	28.834	026	025	0001	100	+3.279
09Nov21 14:42:34	 0.06hr	0009	28.797	024	023	0001	100	+1.310
09Nov21 14:42:34	 0.06hr	0008	28.834	026	026	0001	100	+3.337
09Nov21 14:42:37	 0.06hr	0009	28.797	024	023	0001	100	+1.310
09Nov21 14:42:37	 0.06hr	0008	28.815	026	025	0001	100	+3.279
09Nov21 14:42:40	 0.06hr	0009	28.797	024	023	0001	100	+1.310
09Nov21 14:42:40	 0.06hr	0008	28.815	026	026	0001	100	+3.279
09Nov21 14:42:43	 0.06hr	0009	28.779	024	023	0001	100	+1.310
09Nov21 14:42:43	 0.06hr	0008	28.834	026	025	0001	100	+3.279
09Nov21 14:42:45	 0.06hr	0009	28.797	024	023	0001	100	+1.310
09Nov21 14:42:45	 0.06hr	0008	28.815	026	026	0001	100	+3.279
09Nov21 14:42:48	 0.06hr	0009	28.797	024	023	0001	100	+1.250
09Nov21 14:42:48	 0.06hr	0008	28.834	026	026	0001	100	+3.337
09Nov21 14:42:51	 0.06hr	0009	28.797	024	023	0001	100	+1.310
09Nov21 14:42:51	 0.06hr	0008	28.815	026	026	0001	100	+3.337
09Nov21 14:42:54	 0.06hr	0009	28.797	024	023	0001	100	+1.369
09Nov21 14:42:54	 0.06hr	0008	28.815	026	025	0001	100	+3.337
09Nov21 14:42:56	 0.06hr	0009	28.797	024	023	0001	100	+1.310
09Nov21 14:42:56	 0.06hr	0008	28.815	026	025	0001	100	+3.337
09Nov21 14:42:59	 0.07hr	0009	28.797	024	023	0001	100	+1.250
09Nov21 14:42:59	 0.07hr	0008	28.834	026	026	0001	100	+3.220
09Nov21 14:43:02	 0.07hr	0009	28.797	024	023	0001	100	+1.310
09Nov21 14:43:02	 0.07hr	0008	28.834	026	025	0001	100	+3.337
09Nov21 14:43:05	 0.07hr	0009	28.797	024	023	0001	100	+1.250
09Nov21 14:43:05	 0.07hr	0008	28.834	026	025	0001	100	+3.337
09Nov21 14:43:07	 0.07hr	0009	28.797	024	023	0001	100	+1.369
09Nov21 14:43:07	 0.07hr	0008	28.834	026	025	0001	100	+3.337
09Nov21 14:43:10	 0.07hr	0009	28.797	024	023	0001	100	+1.310
09Nov21 14:43:10	 0.07hr	0008	28.815	026	025	0001	100	+3.279
09Nov21 14:43:13	 0.07hr	0009	28.797	024	023	0001	100	+1.310
09Nov21 14:43:13	 0.07hr	0008	28.834	026	025	0001	100	+3.279
09Nov21 14:43:16	 0.07hr	0009	28.779	024	023	0001	100	+1.310
09Nov21 14:43:16	 0.07hr	0008	28.834	026	025	0001	100	+3.337
09Nov21 14:43:18	 0.07hr	0009	28.797	024	023	0001	100	+1.310
09Nov21 14:43:18	 0.07hr	0008	28.834	026	025	0001	100	+3.279
09Nov21 14:43:21	 0.07hr	0009	28.797	024	023	0001	100	+1.310
09Nov21 14:43:21	 0.07hr	0008	28.834	026	025	0001	100	+3.220
09Nov21 14:43:24	 0.07hr	0009	28.779	024	023	0001	100	+1.310
09Nov21 14:43:24	 0.07hr	0008	28.834	026	025	0001	100	+3.220
09Nov21 14:43:27	 0.07hr	0009	28.797	024	023	0001	100	+1.369
09Nov21 14:43:27	 0.07hr	0008	28.815	026	025	0001	100	+3.337
09Nov21 14:43:29	 0.07hr	0009	28.797	024	023	0001	100	+1.310
09Nov21 14:43:29	 0.07hr	0008	28.834	026	025	0001	100	+3.279
09Nov21 14:43:32	 0.07hr	0009	28.797	024	023	0001	100	+1.310
09Nov21 14:43:32	 0.07hr	0008	28.815	026	026	0001	100	+3.279
09Nov21 14:43:35	 0.08hr	0009	28.797	024	023	0001	100	+1.310
09Nov21 14:43:35	 0.08hr	0008	28.834	026	025	0001	100	+3.279
09Nov21 14:43:38	 0.08hr	0009	28.797	024	023	0001	100	+1.310
09Nov21 14:43:38	 0.08hr	0008	28.815	026	025	0001	100	+3.279
09Nov21 14:43:40	 0.08hr	0009	28.779	024	023	0001	100	+1.310
09Nov21 14:43:40	 0.08hr	0008	28.834	026	025	0001	100	+3.337
09Nov21 14:43:43	 0.08hr	0009	28.797	024	023	0001	100	+1.310
09Nov21 14:43:43	 0.08hr	0008	28.834	026	026	0001	100	+3.279
09Nov21 14:43:46	 0.08hr	0009	28.797	024	023	0001	100	+1.310
09Nov21 14:43:46	 0.08hr	0008	28.834	026	025	0001	100	+3.337
09Nov21 14:43:49	 0.08hr	0009	28.797	024	023	0001	100	+1.310
09Nov21 14:43:49	 0.08hr	0008	28.834	026	025	0001	100	+3.279
09Nov21 14:43:51	 0.08hr	0009	28.797	024	023	0001	100	+1.310
09Nov21 14:43:51	 0.08hr	0008	28.815	026	025	0001	100	+3.279
09Nov21 14:43:54	 0.08hr	0009	28.797	024	023	0001	100	+1.310
09Nov21 14:43:54	 0.08hr	0008	28.834	026	025	0001	100	+3.279
09Nov21 14:43:57	 0.08hr	0009	28.797	024	023	0001	100	+1.310
09Nov21 14:43:57	 0.08hr	0008	28.834	026	025	0001	100	+3.279
09Nov21 14:44:00	 0.08hr	0009	28.797	025	023	0001	100	+1.310
09Nov21 14:44:00	 0.08hr	0008	28.834	026	025	0001	100	+3Start ChgComp
09Nov21 14:44:02	 0.08hr	0009	28.797	025	023	0001	100	+1.310
09Nov21 14:44:02	 0.08hr	0008	28.815	027	025	0001	100	+3.337
09Nov21 14:44:05	 0.08hr	ADC: I 1.310009	28.797	025	023	0001	100	+1.369
09Nov21 14:44:05	 0.08hr	0008	28.815	027	025	0001	100	+3.279
09Nov21 14:44:08	 0.08hr	0009	28.797	025	023	0001	100	+1.310
09Nov21 14:44:08	 0.08hr	0008	28.834	027	025	0001	100	+3.279
09Nov21 14:44:11	 0.09hr	ADC: I 1.369 BT 25 B 28.790009	28.797	025	023	0001	100	+1.369
09Nov21 14:44:11	 0.09hr	ADC: I 3.270008	28.834	027	025	0001	100	+3.279
09Nov21 14:44:13	 0.09hr	0009	28.797	025	023	0001	100	+1.310
09Nov21 14:44:13	 0.09hr	ADC: I 3.279 BT 27 B 28.830008	28.834	027	025	0001	100	+3.279
09Nov21 14:44:16	 0.09hr	0009	28.797	025	023	0001	100	+1.310
09Nov21 14:44:16	 0.09hr	ADC: I 3.279 BT 27 B 28.830008	28.834	027	025	0001	100	+3.279
09Nov21 14:44:19	 0.09hr	ADC: I 1.310009	28.797	025	023	0001	100	+1.310
09Nov21 14:44:19	 0.09hr	0008	28.815	027	026	0001	100	+3.279
09Nov21 14:44:22	 0.09hr	ADC: I 1.310 BT 25 B 28.790009	28.797	025	023	0001	100	+1.369
09Nov21 14:44:22	 0.09hr	0008	28.834	027	025	0001	100	+3.279
09Nov21 14:44:24	 0.09hr	ADC: I 1.369 BT 25 B 28.790009	28.797	025	023	0001	100	+1.310
09Nov21 14:44:24	 0.09hr	ADC: I 3.279 BT 27 B 28.830008	28.834	027	025	0001	100	+3.279
09Nov21 14:44:27	 0.09hr	0009	28.797	025	023	0001	100	+1.369
09Nov21 14:44:27	 0.09hr	0008	28.834	027	025	0001	100	+3.220
09Nov21 14:44:30	 0.09hr	0009	28.797	025	023	0001	100	+1.369
09Nov21 14:44:30	 0.09hr	ADC: I 3.270008	28.834	027	025	0001	100	+3.279
09Nov21 14:44:33	 0.09hr	ADC: I 1.369 BT 25 B 28.797 L 28.564 0009	28.797	025	023	0001	100	+1.310
09Nov21 14:44:33	 0.09hr	ADC: I 3.279 BT 27 B 28.830008	28.834	027	025	0001	100	+3.220
09Nov21 14:44:35	 0.09hr	0009	28.797	025	023	0001	100	+1.369
09Nov21 14:44:35	 0.09hr	ADC: I 3.220 BT 27 B 28.850008	28.834	027	025	0001	100	+3.279
09Nov21 14:44:38	 0.09hr	0009	28.797	025	023	0001	100	+1.369
09Nov21 14:44:38	 0.09hr	0008	28.834	027	026	0001	100	+3.279
09Nov21 14:44:41	 0.09hr	ADC: I 1.369 BT 25 B 28.797 L 28.564 0009	28.797	025	023	0001	100	+1.369
09Nov21 14:44:41	 0.09hr	0008	28.834	027	025	0001	100	+3.279
09Nov21 14:44:44	 0.09hr	0009	28.797	025	023	0001	100	+1.369
09Nov21 14:44:44	 0.09hr	ADC: I 3.220 BT 27 B 28.834 L 28.815 0008	28.834	027	026	0001	100	+3.279
09Nov21 14:44:46	 0.10hr	ADC: I 1.369 BT 25 B 28.797 L 28.564 0009	28.797	025	023	0001	100	+1.369
09Nov21 14:44:46	 0.10hr	0008	28.852	027	025	0001	100	+3.279
09Nov21 14:44:49	 0.10hr	0009	28.797	025	023	0001	100	+1.310
09Nov21 14:44:49	 0.10hr	0008	28.852	027	026	0001	100	+3.279
09Nov21 14:44:52	 0.10hr	0009	28.797	025	023	0001	100	+1.369
09Nov21 14:44:52	 0.10hr	ADC: I 3.279 BT 27 B 28.852 L 28.815 0008	28.834	027	025	0001	100	+3.279
09Nov21 14:44:54	 0.10hr	0009	28.797	025	023	0001	100	+1.369Start ChgComp
09Nov21 14:44:54	 0.10hr	0008	28.834	027	025	0001	100	+3.220
09Nov21 14:44:57	 0.10hr	0009	28.797	025	023	0001	100	+1.369
09Nov21 14:44:57	 0.10hr	ADC: I 3.220 BT 27 B 28.834 L 28.834 0008	28.834	027	025	0001	100	+3.337
09Nov21 14:45:00	 0.10hr	0009	28.797	025	023	0001	100	+1.369
09Nov21 14:45:00	 0.10hr	0008	28.834	027	026	0001	100	+3.220
09Nov21 14:45:03	 0.10hr	ADC: I 1.369 BT 25 B 28.797 L 28.564 0009	28.797	026	023	0001	100	+1.369
09Nov21 14:45:03	 0.10hr	0008	28.852	027	025	0001	100	+3.279
09Nov21 14:45:05	 0.10hr	ADC: I 1.369 BT 26 B 28.790009	28.797	026	023	0001	100	+1.369
09Nov21 14:45:05	 0.10hr	0008	28.834	027	025	0001	100	+3.279Start ChgComp
09Nov21 14:45:08	 0.10hr	Start ChgComp0009	28.797	026	023	0001	100	+1.429
09Nov21 14:45:08	 0.10hr	0008	28.834	027	025	0001	100	+3.279
09Nov21 14:45:11	 0.10hr	ADC: I 1.429 BT 26 B 28.790009	28.797	026	023	0001	100	+1.369
09Nov21 14:45:11	 0.10hr	0008	28.834	027	026	0001	100	+3.279
09Nov21 14:45:14	 0.10hr	0009	28.797	026	023	0001	100	+1.369
09Nov21 14:45:14	 0.10hr	ADC: I 3.279 BT 27 B 28.834 L 28.834 0008	28.852	027	026	0001	100	+3.220
09Nov21 14:45:16	 0.10hr	0009	28.797	026	023	0001	100	+1.369
09Nov21 14:45:16	 0.10hr	0008	28.852	027	026	0001	100	+3.220
09Nov21 14:45:19	 0.10hr	ADC: I 1.360009	28.797	026	023	0001	100	+1.369
09Nov21 14:45:19	 0.10hr	ADC: I 3.220008	28.834	027	026	0001	100	+3.279
09Nov21 14:45:22	 0.11hr	ADC: I 1.369 BT 26 B 28.790009	28.797	026	023	0001	100	+1.369
09Nov21 14:45:22	 0.11hr	ADC: I 3.220 BT 27 B 28.850008	28.852	027	025	0001	100	+3.220
09Nov21 14:45:25	 0.11hr	Start ChgComp0009	28.815	026	023	0001	100	+1.369
09Nov21 14:45:25	 0.11hr	Start ChgComp0008	28.834	027	026	0001	100	+3.220
09Nov21 14:45:27	 0.11hr	0009	28.797	026	023	0001	100	+1.369
09Nov21 14:45:27	 0.11hr	0008	28.834	027	026	0001	100	+3.220
09Nov21 14:45:30	 0.11hr	0009	28.797	026	023	0001	100	+1.369
09Nov21 14:45:30	 0.11hr	ADC: I 3.220008	28.834	027	025	0001	100	+3.220
09Nov21 14:45:33	 0.11hr	ADC: I 1.310 BT 26 B 28.797 L 280009	28.797	026	023	0001	100	+1.369
09Nov21 14:45:33	 0.11hr	0008	28.852	027	026	0001	100	+3.279
09Nov21 14:45:36	 0.11hr	ADC: I 1.369 BT 26 B 28.797 L 28.582 H 23 SOC 10009	28.797	026	023	0001	100	+1.429
09Nov21 14:45:36	 0.11hr	ADC: I 3.220 BT 27 B 28.850008	28.834	027	026	0001	100	+3.220
09Nov21 14:45:39	 0.11hr	0009	28.797	026	023	0001	100	+1.429
09Nov21 14:45:39	 0.11hr	0008	28.852	027	026	0001	100	+3.220
09Nov21 14:45:41	 0.11hr	0009	28.797	026	023	0001	100	+1.369
09Nov21 14:45:41	 0.11hr	0008	28.834	027	026	0001	100	+3.220
09Nov21 14:45:44	 0.11hr	AD0009	28.797	026	023	0001	100	+1.369
09Nov21 14:45:44	 0.11hr	ADC: I 3.220 BT 27 B 28.850008	28.834	027	026	0001	100	+3.220
09Nov21 14:45:47	 0.11hr	0009	28.797	026	023	0001	100	+1.429
09Nov21 14:45:47	 0.11hr	0008	28.834	028	026	0001	100	+3.220
09Nov21 14:45:49	 0.11hr	0009	28.797	026	023	0001	100	+1.369
09Nov21 14:45:49	 0.11hr	0008	28.834	028	025	0001	100	+3.220
09Nov21 14:45:52	 0.11hr	ADC: I 1.360009	28.797	026	023	0001	100	+1.369
09Nov21 14:45:52	 0.11hr	ADC: I 3.220 BT 28 B 28.852 L 28.834 0008	28.852	027	026	0001	100	+3.220
09Nov21 14:45:55	 0.11hr	0009	28.797	026	023	0001	100	+1.429
09Nov21 14:45:55	 0.11hr	0008	28.852	028	025	0001	100	+3.220
09Nov21 14:45:58	 0.12hr	0009	28.797	026	023	0001	100	+1.369
09Nov21 14:45:58	 0.12hr	0008	28.852	028	026	0001	100	+3.162
09Nov21 14:46:00	 0.12hr	0009	28.797	026	023	0001	100	+1.42ADC: I 1.369 BT 26 B 28.797 L 28.564 H 23 SOC 100
09Nov21 14:46:00	 0.12hr	ADC: I 3.162 BT 28 B 28.852 L 28.834 0008	28.834	028	026	0001	100	+3.220
09Nov21 14:46:03	 0.12hr	0009	28.797	026	023	0001	100	+1.429
09Nov21 14:46:03	 0.12hr	0008	28.834	028	026	0001	100	+3.162
09Nov21 14:46:06	 0.12hr	0009	28.797	026	023	0001	100	+1.429
09Nov21 14:46:06	 0.12hr	ADC: I 3.162 BT 28 B 28.834 L 28.834 0008	28.834	028	026	0001	100	+3.220
09Nov21 14:46:09	 0.12hr	S0009	28.797	026	023	0001	100	+1.429
09Nov21 14:46:09	 0.12hr	0008	28.852	028	026	0001	100	+3.220
09Nov21 14:46:11	 0.12hr	0009	28.797	026	023	0001	100	+1.369
09Nov21 14:46:11	 0.12hr	0008	28.852	028	026	0001	100	+3.220
09Nov21 14:46:14	 0.12hr	0009	28.797	026	023	0001	100	+1.429
09Nov21 14:46:14	 0.12hr	0008	28.852	028	026	0001	100	+3.220
09Nov21 14:46:17	 0.12hr	0009	28.797	026	023	0001	100	+1.369
09Nov21 14:46:17	 0.12hr	ADC: I 3.220 BT 28 B 28.852 L 28.834 0008	28.852	028	026	0001	100	+3.279
09Nov21 14:46:20	 0.12hr	0009	28.797	026	023	0001	100	+1.369
09Nov21 14:46:20	 0.12hr	0008	28.852	028	026	0001	100	+3.162
09Nov21 14:46:22	 0.12hr	ADC: I 1.369 BT 26 B 28.797 L 28.564 H 23 SOC 1000009	28.797	026	023	0001	100	+1.429
09Nov21 14:46:22	 0.12hr	0008	28.852	028	026	0001	100	+3.162
09Nov21 14:46:25	 0.12hr	0009	28.797	026	023	0001	100	+1.369
09Nov21 14:46:25	 0.12hr	0008	28.834	028	026	0001	100	+3.162
09Nov21 14:46:28	 0.12hr	0009	28.797	026	023	0001	100	+1.369
09Nov21 14:46:28	 0.12hr	0008	28.852	028	026	0001	100	+3.162
09Nov21 14:46:31	 0.12hr	0009	28.815	026	023	0001	100	+1.429
09Nov21 14:46:31	 0.12hr	0008	28.852	028	026	0001	100	+3.220
09Nov21 14:46:33	 0.13hr	0009	28.797	026	023	0001	100	+1.429
09Nov21 14:46:33	 0.13hr	0008	28.852	028	026	0001	100	+3.220ADC: I 3.162 BT 28 B 28.852 L 28.834 H 26 SOC 100
09Nov21 14:46:36	 0.13hr	ADC: I 1.360009	28.797	026	023	0001	100	+1.429
09Nov21 14:46:36	 0.13hr	Start ChgComp0008	28.834	028	026	0001	100	+3.162
09Nov21 14:46:39	 0.13hr	ADC: I 1.429 BT 26 B 28.810009	28.797	026	023	0001	100	+1.429
09Nov21 14:46:39	 0.13hr	ADC: I 3.220 BT 28 B 28.850008	28.834	028	026	0001	100	+3.220
09Nov21 14:46:42	 0.13hr	0009	28.797	027	024	0001	100	+1.429
09Nov21 14:46:42	 0.13hr	0008	28.852	028	026	0001	100	+3.220
09Nov21 14:46:44	 0.13hr	ADC: I 1.360009	28.797	027	023	0001	100	+1.369
09Nov21 14:46:44	 0.13hr	0008	28.852	028	026	0001	100	+3.162
09Nov21 14:46:47	 0.13hr	ADC: I 1.429 BT 27 B 28.790009	28.797	027	023	0001	100	+1.429
09Nov21 14:46:47	 0.13hr	0008	28.852	028	026	0001	100	+3.162
09Nov21 14:46:50	 0.13hr	0009	28.797	027	024	0001	100	+1.369
09Nov21 14:46:50	 0.13hr	0008	28.852	028	026	0001	100	+3.162
09Nov21 14:46:53	 0.13hr	0009	28.797	027	024	0001	100	+1.369
09Nov21 14:46:53	 0.13hr	ADC: I 3.160008	28.852	028	026	0001	100	+3.162
09Nov21 14:46:55	 0.13hr	0009	28.815	027	024	0001	100	+1.429
09Nov21 14:46:55	 0.13hr	0008	28.834	028	026	0001	100	+3.162
09Nov21 14:46:58	 0.13hr	S0009	28.797	027	024	0001	100	+1.429
09Nov21 14:46:58	 0.13hr	0008	28.852	028	026	0001	100	+3.162
09Nov21 14:47:01	 0.13hr	0009	28.815	027	024	0001	100	+1.429
09Nov21 14:47:01	 0.13hr	0008	28.852	028	026	0001	100	+3.162
09Nov21 14:47:04	 0.13hr	0009	28.797	027	024	0001	100	+1.429
09Nov21 14:47:04	 0.13hr	ADC: I 3.160008	28.852	028	026	0001	100	+3.220
09Nov21 14:47:06	 0.13hr	0009	28.815	027	024	0001	100	+1.429
09Nov21 14:47:06	 0.13hr	0008	28.852	028	026	0001	100	+3.162
09Nov21 14:47:09	 0.13hr	0009	28.797	027	024	0001	100	+1.429
09Nov21 14:47:09	 0.13hr	ADC: I 3.162 BT 28 B 28.852 L 28.834 0008	28.852	028	026	0001	100	+3.162
09Nov21 14:47:12	 0.14hr	0009	28.797	027	024	0001	100	+1.369
09Nov21 14:47:12	 0.14hr	0008	28.852	028	026	0001	100	+3.220
09Nov21 14:47:15	 0.14hr	0009	28.797	027	024	0001	100	+1.429
09Nov21 14:47:15	 0.14hr	0008	28.834	028	026	0001	100	+3.162
09Nov21 14:47:17	 0.14hr	0009	28.815	027	024	0001	100	+1.429
09Nov21 14:47:17	 0.14hr	0008	28.852	028	026	0001	100	+3.162
09Nov21 14:47:20	 0.14hr	ADC: I 1.488 BT 27 B0009	28.797	027	024	0001	100	+1.429
09Nov21 14:47:20	 0.14hr	0008	28.852	028	026	0001	100	+3.162Start ChgComp
09Nov21 14:47:23	 0.14hr	0009	28.797	027	024	0001	100	+1.429
09Nov21 14:47:23	 0.14hr	0008	28.852	028	026	0001	100	+3.162
09Nov21 14:47:26	 0.14hr	0009	28.815	027	024	0001	100	+1.429
09Nov21 14:47:26	 0.14hr	0008	28.852	028	026	0001	100	+3.162
09Nov21 14:47:28	 0.14hr	0009	28.815	027	024	0001	100	+1.369
09Nov21 14:47:28	 0.14hr	0008	28.852	028	026	0001	100	+3.162
09Nov21 14:47:31	 0.14hr	0009	28.797	027	024	0001	100	+1.369
09Nov21 14:47:31	 0.14hr	0008	28.834	028	026	0001	100	+3.220
09Nov21 14:47:34	 0.14hr	0009	28.797	027	024	0001	100	+1.429
09Nov21 14:47:34	 0.14hr	0008	28.834	028	026	0001	100	+3.220
09Nov21 14:47:37	 0.14hr	0009	28.815	027	024	0001	100	+1.488
09Nov21 14:47:37	 0.14hr	0008	28.852	028	026	0001	100	+3.162Start ChgComp
09Nov21 14:47:39	 0.14hr	ADC: I 1.429 BT 27 B 28.797 L 28.580009	28.815	027	024	0001	100	+1.429
09Nov21 14:47:39	 0.14hr	0008	28.852	028	026	0001	100	+3.162
09Nov21 14:47:42	 0.14hr	0009	28.797	027	024	0001	100	+1.429
09Nov21 14:47:42	 0.14hr	0008	28.852	028	026	0001	100	+3.162
09Nov21 14:47:45	 0.14hr	0009	28.797	027	024	0001	100	+1.429
09Nov21 14:47:45	 0.14hr	0008	28.852	028	026	0001	100	+3.162
09Nov21 14:47:48	 0.15hr	0009	28.797	027	024	0001	100	+1.429
09Nov21 14:47:48	 0.15hr	0008	28.852	028	026	0001	100	+3.220
09Nov21 14:47:50	 0.15hr	0009	28.797	027	024	0001	100	+1.429
09Nov21 14:47:50	 0.15hr	0008	28.852	028	026	0001	100	+3.162
09Nov21 14:47:53	 0.15hr	0009	28.815	027	024	0001	100	+1.429
09Nov21 14:47:53	 0.15hr	0008	28.852	028	026	0001	100	+3.162
09Nov21 14:47:56	 0.15hr	0009	28.815	027	024	0001	100	+1.429
09Nov21 14:47:56	 0.15hr	0008	28.852	028	026	0001	100	+3.162
09Nov21 14:47:59	 0.15hr	0009	28.797	027	024	0001	100	+1.369
09Nov21 14:47:59	 0.15hr	0008	28.852	028	026	0001	100	+3.162
09Nov21 14:48:01	 0.15hr	0009	28.797	027	024	0001	100	+1.369
09Nov21 14:48:01	 0.15hr	ADC: I 3.162 BT 28 B 28.852 L 28.834 0008	28.852	028	026	0001	100	+3.162
09Nov21 14:48:04	 0.15hr	0009	28.797	027	024	0001	100	+1.429
09Nov21 14:48:04	 0.15hr	0008	28.852	028	026	0001	100	+3.162
09Nov21 14:48:07	 0.15hr	0009	28.797	027	024	0001	100	+1.429
09Nov21 14:48:07	 0.15hr	ADC: I 3.100008	28.852	028	026	0001	100	+3.162
09Nov21 14:48:10	 0.15hr	0009	28.797	027	024	0001	100	+1.429
09Nov21 14:48:10	 0.15hr	0008	28.852	028	026	0001	100	+3.162
09Nov21 14:48:12	 0.15hr	0009	28.797	027	024	0001	100	+1.488
09Nov21 14:48:12	 0.15hr	S0008	28.852	028	026	0001	100	+3.162
09Nov21 14:48:15	 0.15hr	0009	28.797	027	024	0001	100	+1.429
09Nov21 14:48:15	 0.15hr	0008	28.852	028	026	0001	100	+3.162
09Nov21 14:48:18	 0.15hr	ADC: I 1.480009	28.797	027	024	0001	100	+1.429
09Nov21 14:48:18	 0.15hr	0008	28.852	028	026	0001	100	+3.162
09Nov21 14:48:21	 0.15hr	ADC: I 1.429 BT 27 B 28.790009	28.797	027	024	0001	100	+1.429
09Nov21 14:48:21	 0.15hr	0008	28.852	028	026	0001	100	+3.162
09Nov21 14:48:23	 0.16hr	0009	28.797	027	024	0001	100	+1.429
09Nov21 14:48:23	 0.16hr	0008	28.852	028	026	0001	100	+3.162
09Nov21 14:48:26	 0.16hr	0009	28.797	027	024	0001	100	+1.429
09Nov21 14:48:26	 0.16hr	0008	28.852	028	026	0001	100	+3.162
09Nov21 14:48:29	 0.16hr	0009	28.797	027	024	0001	100	+1.429
09Nov21 14:48:29	 0.16hr	S0008	28.852	028	026	0001	100	+3.103
09Nov21 14:48:32	 0.16hr	ADC: I 1.429 BT 27 B 28.797 L 28.580009	28.797	027	024	0001	100	+1.488
09Nov21 14:48:32	 0.16hr	0008	28.852	028	026	0001	100	+3.162
09Nov21 14:48:34	 0.16hr	0009	28.797	027	024	0001	100	+1.429
09Nov21 14:48:34	 0.16hr	0008	28.852	028	026	0001	100	+3.162
09Nov21 14:48:37	 0.16hr	ADC: I 1.420009	28.797	027	024	0001	100	+1.488
09Nov21 14:48:37	 0.16hr	0008	28.834	028	026	0001	100	+3.162
09Nov21 14:48:40	 0.16hr	ADC: I 1.429 BT 27 B 28.810009	28.815	027	024	0001	100	+1.429
09Nov21 14:48:40	 0.16hr	0008	28.834	028	026	0001	100	+3.162
09Nov21 14:48:43	 0.16hr	ADC: I 1.429 BT 27 B 28.797 L 28.564 H 24 SOC 1000009	28.797	027	024	0001	100	+1.429
09Nov21 14:48:43	 0.16hr	0008	28.852	028	026	0001	100	+3.162
09Nov21 14:48:45	 0.16hr	0009	28.815	027	024	0001	100	+1.488
09Nov21 14:48:45	 0.16hr	0008	28.852	028	026	0001	100	+3.103
09Nov21 14:48:48	 0.16hr	0009	28.815	027	024	0001	100	+1.488
09Nov21 14:48:48	 0.16hr	0008	28.852	028	026	0001	100	+3.162
09Nov21 14:48:51	 0.16hr	0009	28.815	027	024	0001	100	+1.488
09Nov21 14:48:51	 0.16hr	0008	28.852	028	026	0001	100	+3.162
09Nov21 14:48:54	 0.16hr	0009	28.797	027	024	0001	100	+1.429
09Nov21 14:48:54	 0.16hr	0008	28.852	028	026	0001	100	+3.162
09Nov21 14:48:56	 0.16hr	0009	28.815	027	024	0001	100	+1.488
09Nov21 14:48:56	 0.16hr	0008	28.852	028	026	0001	100	+3.103
09Nov21 14:48:59	 0.17hr	0009	28.797	027	024	0001	100	+1.488
09Nov21 14:48:59	 0.17hr	0008	28.852	028	026	0001	100	+3.162
09Nov21 14:49:02	 0.17hr	0009	28.797	027	024	0001	100	+1.488
09Nov21 14:49:02	 0.17hr	0008	28.834	028	026	0001	100	+3.162
09Nov21 14:49:05	 0.17hr	0009	28.815	027	024	0001	100	+1.488
09Nov21 14:49:05	 0.17hr	0008	28.852	028	026	0001	100	+3.162
09Nov21 14:49:07	 0.17hr	0009	28.815	027	024	0001	100	+1.429
09Nov21 14:49:07	 0.17hr	0008	28.852	028	026	0001	100	+3.162
09Nov21 14:49:10	 0.17hr	0009	28.815	027	024	0001	100	+1.429
09Nov21 14:49:10	 0.17hr	0008	28.852	028	026	0001	100	+3.162
09Nov21 14:49:13	 0.17hr	0009	28.815	027	024	0001	100	+1.429
09Nov21 14:49:13	 0.17hr	0008	28.852	028	026	0001	100	+3.162
09Nov21 14:49:16	 0.17hr	0009	28.815	027	024	0001	100	+1.429
09Nov21 14:49:16	 0.17hr	0008	28.852	028	026	0001	100	+3.103
09Nov21 14:49:18	 0.17hr	0009	28.815	027	024	0001	100	+1.429
09Nov21 14:49:18	 0.17hr	0008	28.852	028	026	0001	100	+3.162
09Nov21 14:49:21	 0.17hr	0009	28.797	027	024	0001	100	+1.488
09Nov21 14:49:21	 0.17hr	0008	28.852	028	026	0001	100	+3.103
09Nov21 14:49:24	 0.17hr	0009	28.815	027	024	0001	100	+1.429
09Nov21 14:49:24	 0.17hr	0008	28.852	028	026	0001	100	+3.162
09Nov21 14:49:27	 0.17hr	0009	28.815	027	024	0001	100	+1.429
09Nov21 14:49:27	 0.17hr	0008	28.852	028	026	0001	100	+Start ChgComp
09Nov21 14:49:29	 0.17hr	0009	28.815	027	024	0001	100	+1.429
09Nov21 14:49:29	 0.17hr	0008	28.852	028	026	0001	100	+3.162
09Nov21 14:49:32	 0.17hr	0009	28.815	027	024	0001	100	+1.488
09Nov21 14:49:32	 0.17hr	0008	28.852	028	026	0001	100	+3.103
09Nov21 14:49:35	 0.18hr	ADC: I 1.429 BT 27 B 28.815 L 28.564 0009	28.797	027	024	0001	100	+1.488
09Nov21 14:49:35	 0.18hr	0008	28.852	028	026	0001	100	+3.162
09Nov21 14:49:38	 0.18hr	0009	28.815	027	024	0001	100	+1.429
09Nov21 14:49:38	 0.18hr	0008	28.852	028	026	0001	100	+3.162
09Nov21 14:49:41	 0.18hr	0009	28.815	027	024	0001	100	+1.429
09Nov21 14:49:41	 0.18hr	0008	28.852	028	026	0001	100	+3.162
09Nov21 14:49:43	 0.18hr	ADC: I 1.480009	28.815	027	024	0001	100	+1.429
09Nov21 14:49:43	 0.18hr	ADC: I 3.162 BT 28 B 28.852 L 28.852 0008	28.852	028	026	0001	100	+3.103
09Nov21 14:49:46	 0.18hr	ADC: I 1.429 BT 27 B 28.810009	28.797	027	024	0001	100	+1.488
09Nov21 14:49:46	 0.18hr	0008	28.852	028	026	0001	100	+3.162
09Nov21 14:49:49	 0.18hr	0009	28.815	027	024	0001	100	+1.429
09Nov21 14:49:49	 0.18hr	ADC: I 3.160008	28.852	028	026	0001	100	+3.162
09Nov21 14:49:52	 0.18hr	0009	28.815	027	024	0001	100	+1.488
09Nov21 14:49:52	 0.18hr	ADC: I 3.162 BT 28 B 28.830008	28.852	028	026	0001	100	+3.103
09Nov21 14:49:54	 0.18hr	ADC: I 1.420009	28.815	027	024	0001	100	+1.429
09Nov21 14:49:54	 0.18hr	0008	28.852	028	026	0001	100	+3.103
09Nov21 14:49:57	 0.18hr	0009	28.815	027	024	0001	100	+1.488
09Nov21 14:49:57	 0.18hr	0008	28.852	028	026	0001	100	+3.162
09Nov21 14:50:00	 0.18hr	S0009	28.815	027	024	0001	100	+1.488
09Nov21 14:50:00	 0.18hr	0008	28.852	028	026	0001	100	+3.103
09Nov21 14:50:03	 0.18hr	0009	28.815	027	024	0001	100	+1.488
09Nov21 14:50:03	 0.18hr	0008	28.852	029	026	0001	100	+3.162
09Nov21 14:50:05	 0.18hr	ADC: I 1.488 BT 27 B 28.810009	28.815	027	024	0001	100	+1.429
09Nov21 14:50:05	 0.18hr	0008	28.852	029	026	0001	100	+3.103
09Nov21 14:50:08	 0.18hr	0009	28.815	027	024	0001	100	+1.488
09Nov21 14:50:08	 0.18hr	0008	28.852	028	026	0001	100	+3.162
09Nov21 14:50:11	 0.19hr	0009	28.815	027	024	0001	100	+1.429
09Nov21 14:50:11	 0.19hr	0008	28.852	029	026	0001	100	+3.103
09Nov21 14:50:14	 0.19hr	0009	28.815	027	024	0001	100	+1.488
09Nov21 14:50:14	 0.19hr	0008	28.852	029	026	0001	100	+3.162
09Nov21 14:50:16	 0.19hr	ADC: I 1.480009	28.815	027	024	0001	100	+1.488
09Nov21 14:50:16	 0.19hr	0008	28.852	029	026	0001	100	+3.103
09Nov21 14:50:19	 0.19hr	ADC: I 1.488 BT 27 B 28.810009	28.815	027	024	0001	100	+1.488
09Nov21 14:50:19	 0.19hr	0008	28.852	029	026	0001	100	+3.162
09Nov21 14:50:22	 0.19hr	0009	28.815	028	024	0001	100	+1.429
09Nov21 14:50:22	 0.19hr	0008	28.852	029	026	0001	100	+3.162
09Nov21 14:50:25	 0.19hr	0009	28.815	028	024	0001	100	+1.429
09Nov21 14:50:25	 0.19hr	0008	28.852	029	026	0001	100	+3.103
09Nov21 14:50:27	 0.19hr	Start ChgCom0009	28.815	028	024	0001	100	+1.488
09Nov21 14:50:27	 0.19hr	0008	28.852	029	026	0001	100	+3.162
09Nov21 14:50:30	 0.19hr	0009	28.815	028	024	0001	100	+1.488
09Nov21 14:50:30	 0.19hr	0008	28.852	029	026	0001	100	+3.162
09Nov21 14:50:33	 0.19hr	0009	28.815	028	024	0001	100	+1.488
09Nov21 14:50:33	 0.19hr	0008	28.852	029	026	0001	100	+3.103
09Nov21 14:50:35	 0.19hr	0009	28.815	028	024	0001	100	+1.488
09Nov21 14:50:35	 0.19hr	0008	28.852	029	026	0001	100	+3.162
09Nov21 14:50:38	 0.19hr	0009	28.815	028	024	0001	100	+1.488
09Nov21 14:50:38	 0.19hr	0008	28.852	029	026	0001	100	+3.103
09Nov21 14:50:41	 0.19hr	0009	28.815	028	024	0001	100	+1.488
09Nov21 14:50:41	 0.19hr	0008	28.852	029	026	0001	100	+3.103
09Nov21 14:50:44	 0.19hr	ADC: I 1.488 BT 28 B 28.815 L 28.564 H 24 SOC 10009	28.815	028	024	0001	100	+1.429
09Nov21 14:50:44	 0.19hr	00008	28.852	029	026	0001	100	+3.103
09Nov21 14:50:46	 0.20hr	0009	28.815	028	024	0001	100	+1.488
09Nov21 14:50:46	 0.20hr	ADC: I 3.103 BT 29 B 28.850008	28.852	029	026	0001	100	+3.103
09Nov21 14:50:49	 0.20hr	ADC: I 1.480009	28.815	028	024	0001	100	+1.488
09Nov21 14:50:49	 0.20hr	0008	28.852	029	026	0001	100	+3.103
09Nov21 14:50:52	 0.20hr	0009	28.815	028	024	0001	100	+1.488
09Nov21 14:50:52	 0.20hr	0008	28.852	029	026	0001	100	+3.162
09Nov21 14:50:55	 0.20hr	ADC: I 1.488 BT 28 B 28.815 L 28.564 0009	28.815	028	024	0001	100	+1.488
09Nov21 14:50:55	 0.20hr	ADC: I 3.162 BT 29 B 20008	28.852	029	026	0001	100	+3.162
09Nov21 14:50:57	 0.20hr	0009	28.815	028	024	0001	100	+1.488
09Nov21 14:50:57	 0.20hr	0008	28.852	029	026	0001	100	+3.103
09Nov21 14:51:00	 0.20hr	S0009	28.815	028	024	0001	100	+1.488
09Nov21 14:51:00	 0.20hr	ADC: I 3.103 BT 29 B 28.852 L 28.852 0008	28.852	029	026	0001	100	+3.044
09Nov21 14:51:03	 0.20hr	0009	28.815	028	024	0001	100	+1.488
09Nov21 14:51:03	 0.20hr	0008	28.852	029	026	0001	100	+3.103
09Nov21 14:51:06	 0.20hr	0009	28.815	028	024	0001	100	+1.488
09Nov21 14:51:06	 0.20hr	0008	28.852	029	026	0001	100	+3.103
09Nov21 14:51:08	 0.20hr	0009	28.815	028	024	0001	100	+1.488
09Nov21 14:51:08	 0.20hr	0008	28.852	029	026	0001	100	+3.044
09Nov21 14:51:11	 0.20hr	0009	28.797	028	024	0001	100	+1.429
09Nov21 14:51:11	 0.20hr	ADC: I 3.103 BT 29 B 280008	28.852	029	026	0001	100	+3.162
09Nov21 14:51:14	 0.20hr	0009	28.815	028	024	0001	100	+1.548
09Nov21 14:51:14	 0.20hr	ADC: I 3.162 BT 29 B 28.850008	28.852	029	026	0001	100	+3.162
09Nov21 14:51:17	 0.20hr	ADC: I 1.488 BT 28 B 20009	28.815	028	024	0001	100	+1.488
09Nov21 14:51:17	 0.20hr	0008	28.852	029	026	0001	100	+3.162
09Nov21 14:51:19	 0.20hr	0009	28.815	028	024	0001	100	+1.488
09Nov21 14:51:19	 0.20hr	0008	28.852	029	026	0001	100	+3.103
09Nov21 14:51:22	 0.21hr	ADC: I 1.548 BT 28 B 28.815 L 28.564 0009	28.815	028	024	0001	100	+1.548
09Nov21 14:51:22	 0.21hr	0008	28.852	029	026	0001	100	+3.162
09Nov21 14:51:25	 0.21hr	0009	28.815	028	024	0001	100	+1.488
09Nov21 14:51:25	 0.21hr	0008	28.852	029	026	0001	100	+3.162
09Nov21 14:51:28	 0.21hr	ADC: I 1.548 BT 28 B 28.815 L 28.582 H 24 SOC 1000009	28.815	028	024	0001	100	+1.488
09Nov21 14:51:28	 0.21hr	ADC: I 3.162 BT 29 B 28.852 L 28.852 0008	28.852	029	026	0001	100	+3.103
09Nov21 14:51:30	 0.21hr	0009	28.815	028	024	0001	100	+1.548
09Nov21 14:51:30	 0.21hr	0008	28.870	029	026	0001	100	+3.103
09Nov21 14:51:33	 0.21hr	0009	28.815	028	024	0001	100	+1.488
09Nov21 14:51:33	 0.21hr	0008	28.852	029	026	0001	100	+3.162
09Nov21 14:51:36	 0.21hr	0009	28.815	028	024	0001	100	+1.488
09Nov21 14:51:36	 0.21hr	0008	28.852	029	026	0001	100	+3.162
09Nov21 14:51:39	 0.21hr	0009	28.815	028	024	0001	100	+1.488
09Nov21 14:51:39	 0.21hr	0008	28.852	029	026	0001	100	+3.103
09Nov21 14:51:41	 0.21hr	S0009	28.815	028	024	0001	100	+1.488
09Nov21 14:51:41	 0.21hr	000008	28.852	029	026	0001	100	+3.103
09Nov21 14:51:44	 0.21hr	0009	28.815	028	024	0001	100	+1.488
09Nov21 14:51:44	 0.21hr	0008	28.852	029	026	0001	100	+3.103
09Nov21 14:51:47	 0.21hr	ADC: I 1.488 BT 28 B 28.810009	28.815	028	024	0001	100	+1.488
09Nov21 14:51:47	 0.21hr	ADC: I 3.162 BT 29 B 28.852 L 28.852 0008	28.852	029	026	0001	100	+3.103
09Nov21 14:51:50	 0.21hr	0009	28.815	028	024	0001	100	+1.488
09Nov21 14:51:50	 0.21hr	ADC: I 3.160008	28.852	029	026	0001	100	+3.103
09Nov21 14:51:52	 0.21hr	0009	28.815	028	024	0001	100	+1.548
09Nov21 14:51:52	 0.21hr	0008	28.852	029	026	0001	100	+3.103
09Nov21 14:51:55	 0.21hr	0009	28.815	028	024	0001	100	+1.488
09Nov21 14:51:55	 0.21hr	ADC: I 3.103 BT 29 B 28.852 L 28.834 0008	28.852	029	026	0001	100	+3.162
09Nov21 14:51:58	 0.22hr	0009	28.815	028	024	0001	100	+1.488
09Nov21 14:51:58	 0.22hr	0008	28.852	029	026	0001	100	+3.162
09Nov21 14:52:01	 0.22hr	0009	28.815	028	024	0001	100	+1.548
09Nov21 14:52:01	 0.22hr	0008	28.852	029	026	0001	100	+3.103
09Nov21 14:52:03	 0.22hr	0009	28.815	028	024	0001	100	+1.548
09Nov21 14:52:03	 0.22hr	0008	28.852	029	026	0001	100	+3.103
09Nov21 14:52:06	 0.22hr	0009	28.815	028	024	0001	100	+1.488
09Nov21 14:52:06	 0.22hr	0008	28.852	029	026	0001	100	+3.103
09Nov21 14:52:09	 0.22hr	ADC: I 1.540009	28.815	028	024	0001	100	+1.548
09Nov21 14:52:09	 0.22hr	ADC: I 3.103 BT 29 B 28.852 L 28.852 0008	28.852	029	026	0001	100	+3.103
09Nov21 14:52:12	 0.22hr	0009	28.815	028	024	0001	100	+1.488
09Nov21 14:52:12	 0.22hr	0008	28.852	029	026	0001	100	+3.103
09Nov21 14:52:14	 0.22hr	0009	28.815	028	024	0001	100	+1.488
09Nov21 14:52:14	 0.22hr	ADC: I 3.100008	28.852	029	026	0001	100	+3.103
09Nov21 14:52:17	 0.22hr	Start ChgCom0009	28.815	028	024	0001	100	+1.488
09Nov21 14:52:17	 0.22hr	ADC: I 3.103 BT 29 B 28.850008	28.852	029	026	0001	100	+3.103
09Nov21 14:52:20	 0.22hr	0009	28.815	028	024	0001	100	+1.488
09Nov21 14:52:20	 0.22hr	ADC: I 3.103 BT 29 B 28.852 L 28.852 H 26 SOC 1000008	28.852	029	026	0001	100	+3.103
09Nov21 14:52:23	 0.22hr	0009	28.815	028	024	0001	100	+1.488
09Nov21 14:52:23	 0.22hr	0008	28.852	029	026	0001	100	+3.044
09Nov21 14:52:25	 0.22hr	ADC: I 1.548 BT 28 B 28.815 L 28.564 0009	28.815	028	024	0001	100	+1.488
09Nov21 14:52:25	 0.22hr	ADC: I 3.103 BT 29 B 28.852 L 28.852 0008	28.852	029	026	0001	100	+3.044
09Nov21 14:52:28	 0.22hr	0009	28.815	028	024	0001	100	+1.548
09Nov21 14:52:28	 0.22hr	0008	28.852	029	026	0001	100	+3.044
09Nov21 14:52:31	 0.22hr	0009	28.815	028	024	0001	100	+1.548
09Nov21 14:52:31	 0.22hr	ADC: I 3.044 BT 29 B 28.870 L 28.852 0008	28.852	029	026	0001	100	+3.103
09Nov21 14:52:34	 0.23hr	ADC: I 1.488 BT 28 B 28.815 L 28.564 0009	28.815	028	024	0001	100	+1.488
09Nov21 14:52:34	 0.23hr	0008	28.852	029	026	0001	100	+3.103
09Nov21 14:52:36	 0.23hr	0009	28.797	028	024	0001	100	+1.548
